[0330/031333.558:ERROR:process_info.cc(359)] UncheckedAllocate
[0330/031336.114:ERROR:process_info.cc(359)] UncheckedAllocate
[0330/031342.830:ERROR:process_memory_win.cc(73)] ReadMemory at 0x7ff67a540000 of 64 bytes failed: Only part of a ReadProcessMemory or WriteProcessMemory request was completed. (0x12B)
[0330/031342.831:WARNING:pe_image_reader.cc(340)] could not read dos header from C:\Program Files (x86)\Google\Chrome\Application\chrome.exe
[0330/031342.831:ERROR:process_memory_win.cc(73)] ReadMemory at 0x7ffa093b0000 of 64 bytes failed: Only part of a ReadProcessMemory or WriteProcessMemory request was completed. (0x12B)
[0330/031342.831:WARNING:pe_image_reader.cc(340)] could not read dos header from C:\Windows\SYSTEM32\ntdll.dll
[0330/031342.832:ERROR:process_memory_win.cc(73)] ReadMemory at 0x7ffa082b0000 of 64 bytes failed: Only part of a ReadProcessMemory or WriteProcessMemory request was completed. (0x12B)
[0330/031342.832:WARNING:pe_image_reader.cc(340)] could not read dos header from C:\Windows\System32\KERNEL32.DLL
[0330/031342.832:ERROR:process_memory_win.cc(73)] ReadMemory at 0x7ffa06310000 of 64 bytes failed: Only part of a ReadProcessMemory or WriteProcessMemory request was completed. (0x12B)
[0330/031342.832:WARNING:pe_image_reader.cc(340)] could not read dos header from C:\Windows\System32\KERNELBASE.dll
[0330/031342.832:ERROR:process_memory_win.cc(73)] ReadMemory at 0x7ff9c4940000 of 64 bytes failed: Only part of a ReadProcessMemory or WriteProcessMemory request was completed. (0x12B)
[0330/031342.832:WARNING:pe_image_reader.cc(340)] could not read dos header from C:\Program Files (x86)\Google\Chrome\Application\80.0.3987.149\chrome_elf.dll
[0330/031342.832:ERROR:process_memory_win.cc(73)] ReadMemory at 0x7ff9f8c00000 of 64 bytes failed: Only part of a ReadProcessMemory or WriteProcessMemory request was completed. (0x12B)
[0330/031342.832:WARNING:pe_image_reader.cc(340)] could not read dos header from C:\Windows\SYSTEM32\VERSION.dll
[0330/031342.832:ERROR:process_memory_win.cc(73)] ReadMemory at 0x7ffa07fd0000 of 64 bytes failed: Only part of a ReadProcessMemory or WriteProcessMemory request was completed. (0x12B)
[0330/031342.832:WARNING:pe_image_reader.cc(340)] could not read dos header from C:\Windows\System32\msvcrt.dll
[0330/031342.832:ERROR:process_memory_win.cc(73)] ReadMemory at 0x7ffa06010000 of 64 bytes failed: Only part of a ReadProcessMemory or WriteProcessMemory request was completed. (0x12B)
[0330/031342.832:WARNING:pe_image_reader.cc(340)] could not read dos header from C:\Windows\System32\bcryptPrimitives.dll
[0330/031342.832:ERROR:process_memory_win.cc(73)] ReadMemory at 0x7ffa08bd0000 of 64 bytes failed: Only part of a ReadProcessMemory or WriteProcessMemory request was completed. (0x12B)
[0330/031342.832:WARNING:pe_image_reader.cc(340)] could not read dos header from C:\Windows\System32\ADVAPI32.dll
[0330/031342.833:ERROR:process_memory_win.cc(73)] ReadMemory at 0x7ffa08600000 of 64 bytes failed: Only part of a ReadProcessMemory or WriteProcessMemory request was completed. (0x12B)
[0330/031342.833:WARNING:pe_image_reader.cc(340)] could not read dos header from C:\Windows\System32\sechost.dll
[0330/031342.833:ERROR:process_memory_win.cc(73)] ReadMemory at 0x7ffa084d0000 of 64 bytes failed: Only part of a ReadProcessMemory or WriteProcessMemory request was completed. (0x12B)
[0330/031342.833:WARNING:pe_image_reader.cc(340)] could not read dos header from C:\Windows\System32\RPCRT4.dll
[0330/031342.833:ERROR:process_memory_win.cc(73)] ReadMemory at 0x7ffa080b0000 of 64 bytes failed: Only part of a ReadProcessMemory or WriteProcessMemory request was completed. (0x12B)
[0330/031342.833:WARNING:pe_image_reader.cc(340)] could not read dos header from C:\Windows\System32\user32.dll
[0330/031342.833:ERROR:process_memory_win.cc(73)] ReadMemory at 0x7ffa05bc0000 of 64 bytes failed: Only part of a ReadProcessMemory or WriteProcessMemory request was completed. (0x12B)
[0330/031342.833:WARNING:pe_image_reader.cc(340)] could not read dos header from C:\Windows\System32\win32u.dll
[0330/031342.833:ERROR:process_memory_win.cc(73)] ReadMemory at 0x7ffa08080000 of 64 bytes failed: Only part of a ReadProcessMemory or WriteProcessMemory request was completed. (0x12B)
[0330/031342.833:WARNING:pe_image_reader.cc(340)] could not read dos header from C:\Windows\System32\GDI32.dll
[0330/031342.833:ERROR:process_memory_win.cc(73)] ReadMemory at 0x7ffa05ce0000 of 64 bytes failed: Only part of a ReadProcessMemory or WriteProcessMemory request was completed. (0x12B)
[0330/031342.833:WARNING:pe_image_reader.cc(340)] could not read dos header from C:\Windows\System32\gdi32full.dll
[0330/031342.833:ERROR:process_memory_win.cc(73)] ReadMemory at 0x7ffa06090000 of 64 bytes failed: Only part of a ReadProcessMemory or WriteProcessMemory request was completed. (0x12B)
[0330/031342.833:WARNING:pe_image_reader.cc(340)] could not read dos header from C:\Windows\System32\msvcp_win.dll
[0330/031342.833:ERROR:process_memory_win.cc(73)] ReadMemory at 0x7ffa05be0000 of 64 bytes failed: Only part of a ReadProcessMemory or WriteProcessMemory request was completed. (0x12B)
[0330/031342.833:WARNING:pe_image_reader.cc(340)] could not read dos header from C:\Windows\System32\ucrtbase.dll
[0330/031342.833:ERROR:process_memory_win.cc(73)] ReadMemory at 0x7ffa068b0000 of 64 bytes failed: Only part of a ReadProcessMemory or WriteProcessMemory request was completed. (0x12B)
[0330/031342.833:WARNING:pe_image_reader.cc(340)] could not read dos header from C:\Windows\System32\IMM32.DLL
[0330/031342.834:ERROR:process_memory_win.cc(73)] ReadMemory at 0x7ff9a9860000 of 64 bytes failed: Only part of a ReadProcessMemory or WriteProcessMemory request was completed. (0x12B)
[0330/031342.834:WARNING:pe_image_reader.cc(340)] could not read dos header from C:\Program Files (x86)\Google\Chrome\Application\80.0.3987.149\chrome.dll
[0330/031342.834:ERROR:process_memory_win.cc(73)] ReadMemory at 0x7ffa08fb0000 of 64 bytes failed: Only part of a ReadProcessMemory or WriteProcessMemory request was completed. (0x12B)
[0330/031342.834:WARNING:pe_image_reader.cc(340)] could not read dos header from C:\Windows\System32\WS2_32.dll
[0330/031342.834:ERROR:process_memory_win.cc(73)] ReadMemory at 0x7ffa09250000 of 64 bytes failed: Only part of a ReadProcessMemory or WriteProcessMemory request was completed. (0x12B)
[0330/031342.834:WARNING:pe_image_reader.cc(340)] could not read dos header from C:\Windows\System32\OLEAUT32.dll
[0330/031342.834:ERROR:process_memory_win.cc(73)] ReadMemory at 0x7ffa08c80000 of 64 bytes failed: Only part of a ReadProcessMemory or WriteProcessMemory request was completed. (0x12B)
[0330/031342.834:WARNING:pe_image_reader.cc(340)] could not read dos header from C:\Windows\System32\combase.dll
[0330/031342.834:ERROR:process_memory_win.cc(73)] ReadMemory at 0x7ffa05f60000 of 64 bytes failed: Only part of a ReadProcessMemory or WriteProcessMemory request was completed. (0x12B)
[0330/031342.834:WARNING:pe_image_reader.cc(340)] could not read dos header from C:\Windows\System32\WINTRUST.dll
[0330/031342.834:ERROR:process_memory_win.cc(73)] ReadMemory at 0x7ffa05420000 of 64 bytes failed: Only part of a ReadProcessMemory or WriteProcessMemory request was completed. (0x12B)
[0330/031342.834:WARNING:pe_image_reader.cc(340)] could not read dos header from C:\Windows\System32\MSASN1.dll
[0330/031342.834:ERROR:process_memory_win.cc(73)] ReadMemory at 0x7ffa06130000 of 64 bytes failed: Only part of a ReadProcessMemory or WriteProcessMemory request was completed. (0x12B)
[0330/031342.834:WARNING:pe_image_reader.cc(340)] could not read dos header from C:\Windows\System32\CRYPT32.dll
[0330/031342.834:ERROR:process_memory_win.cc(73)] ReadMemory at 0x7ffa04930000 of 64 bytes failed: Only part of a ReadProcessMemory or WriteProcessMemory request was completed. (0x12B)
[0330/031342.834:WARNING:pe_image_reader.cc(340)] could not read dos header from C:\Windows\SYSTEM32\IPHLPAPI.DLL
[0330/031342.834:ERROR:process_memory_win.cc(73)] ReadMemory at 0x7ffa02d00000 of 64 bytes failed: Only part of a ReadProcessMemory or WriteProcessMemory request was completed. (0x12B)
[0330/031342.834:WARNING:pe_image_reader.cc(340)] could not read dos header from C:\Windows\SYSTEM32\WINMM.dll
[0330/031342.835:ERROR:process_memory_win.cc(73)] ReadMemory at 0x7ff9ee400000 of 64 bytes failed: Only part of a ReadProcessMemory or WriteProcessMemory request was completed. (0x12B)
[0330/031342.835:WARNING:pe_image_reader.cc(340)] could not read dos header from C:\Windows\SYSTEM32\Secur32.dll
[0330/031342.835:ERROR:process_memory_win.cc(73)] ReadMemory at 0x7ffa052a0000 of 64 bytes failed: Only part of a ReadProcessMemory or WriteProcessMemory request was completed. (0x12B)
[0330/031342.835:WARNING:pe_image_reader.cc(340)] could not read dos header from C:\Windows\SYSTEM32\USERENV.dll
[0330/031342.835:ERROR:process_memory_win.cc(73)] ReadMemory at 0x7ffa05440000 of 64 bytes failed: Only part of a ReadProcessMemory or WriteProcessMemory request was completed. (0x12B)
[0330/031342.835:WARNING:pe_image_reader.cc(340)] could not read dos header from C:\Windows\System32\profapi.dll
[0330/031342.835:ERROR:process_memory_win.cc(73)] ReadMemory at 0x7ff9e6430000 of 64 bytes failed: Only part of a ReadProcessMemory or WriteProcessMemory request was completed. (0x12B)
[0330/031342.835:WARNING:pe_image_reader.cc(340)] could not read dos header from C:\Windows\SYSTEM32\UIAutomationCore.DLL
[0330/031342.835:ERROR:process_memory_win.cc(73)] ReadMemory at 0x7ff9f4940000 of 64 bytes failed: Only part of a ReadProcessMemory or WriteProcessMemory request was completed. (0x12B)
[0330/031342.835:WARNING:pe_image_reader.cc(340)] could not read dos header from C:\Windows\SYSTEM32\DWrite.dll
[0330/031342.835:ERROR:process_memory_win.cc(73)] ReadMemory at 0x7ff9f7d80000 of 64 bytes failed: Only part of a ReadProcessMemory or WriteProcessMemory request was completed. (0x12B)
[0330/031342.835:WARNING:pe_image_reader.cc(340)] could not read dos header from C:\Windows\SYSTEM32\WINSPOOL.DRV
[0330/031342.835:ERROR:process_memory_win.cc(73)] ReadMemory at 0x7ffa05400000 of 64 bytes failed: Only part of a ReadProcessMemory or WriteProcessMemory request was completed. (0x12B)
[0330/031342.835:WARNING:pe_image_reader.cc(340)] could not read dos header from C:\Windows\System32\kernel.appcore.dll
[0330/031342.835:ERROR:process_memory_win.cc(73)] ReadMemory at 0x7ffa05e80000 of 64 bytes failed: Only part of a ReadProcessMemory or WriteProcessMemory request was completed. (0x12B)
[0330/031342.835:WARNING:pe_image_reader.cc(340)] could not read dos header from C:\Windows\System32\bcrypt.dll
[0330/031342.835:ERROR:process_memory_win.cc(73)] ReadMemory at 0x7ffa03a70000 of 64 bytes failed: Only part of a ReadProcessMemory or WriteProcessMemory request was completed. (0x12B)
[0330/031342.835:WARNING:pe_image_reader.cc(340)] could not read dos header from C:\Windows\SYSTEM32\dbghelp.dll
[0330/031342.836:ERROR:process_memory_win.cc(73)] ReadMemory at 0x7ff9fa4e0000 of 64 bytes failed: Only part of a ReadProcessMemory or WriteProcessMemory request was completed. (0x12B)
[0330/031342.836:WARNING:pe_image_reader.cc(340)] could not read dos header from C:\Windows\SYSTEM32\WINHTTP.dll
[0330/031342.836:ERROR:process_memory_win.cc(73)] ReadMemory at 0x7ff9fb380000 of 64 bytes failed: Only part of a ReadProcessMemory or WriteProcessMemory request was completed. (0x12B)
[0330/031342.836:WARNING:pe_image_reader.cc(340)] could not read dos header from C:\Windows\SYSTEM32\dhcpcsvc.DLL
[0330/031342.836:ERROR:process_memory_win.cc(73)] ReadMemory at 0x7ffa08070000 of 64 bytes failed: Only part of a ReadProcessMemory or WriteProcessMemory request was completed. (0x12B)
[0330/031342.836:WARNING:pe_image_reader.cc(340)] could not read dos header from C:\Windows\System32\NSI.dll
[0330/031342.836:ERROR:process_memory_win.cc(73)] ReadMemory at 0x7ffa02be0000 of 64 bytes failed: Only part of a ReadProcessMemory or WriteProcessMemory request was completed. (0x12B)
[0330/031342.836:WARNING:pe_image_reader.cc(340)] could not read dos header from C:\Windows\SYSTEM32\WINMMBASE.dll
[0330/031342.836:ERROR:process_memory_win.cc(73)] ReadMemory at 0x7ffa05fc0000 of 64 bytes failed: Only part of a ReadProcessMemory or WriteProcessMemory request was completed. (0x12B)
[0330/031342.836:WARNING:pe_image_reader.cc(340)] could not read dos header from C:\Windows\System32\cfgmgr32.dll
[0330/031342.836:ERROR:process_memory_win.cc(73)] ReadMemory at 0x7ff9f6870000 of 64 bytes failed: Only part of a ReadProcessMemory or WriteProcessMemory request was completed. (0x12B)
[0330/031342.836:WARNING:pe_image_reader.cc(340)] could not read dos header from C:\Windows\SYSTEM32\Bcp47Langs.dll
[0330/031342.836:ERROR:process_memory_win.cc(73)] ReadMemory at 0x7ffa01a10000 of 64 bytes failed: Only part of a ReadProcessMemory or WriteProcessMemory request was completed. (0x12B)
[0330/031342.836:WARNING:pe_image_reader.cc(340)] could not read dos header from C:\Windows\SYSTEM32\PROPSYS.dll
[0330/031342.836:ERROR:process_memory_win.cc(73)] ReadMemory at 0x7ffa08b20000 of 64 bytes failed: Only part of a ReadProcessMemory or WriteProcessMemory request was completed. (0x12B)
[0330/031342.836:WARNING:pe_image_reader.cc(340)] could not read dos header from C:\Windows\System32\shcore.dll
[0330/031342.836:ERROR:process_memory_win.cc(73)] ReadMemory at 0x7ffa052d0000 of 64 bytes failed: Only part of a ReadProcessMemory or WriteProcessMemory request was completed. (0x12B)
[0330/031342.836:WARNING:pe_image_reader.cc(340)] could not read dos header from C:\Windows\SYSTEM32\SSPICLI.DLL
[0330/031342.837:ERROR:process_memory_win.cc(73)] ReadMemory at 0x7ffa04de0000 of 64 bytes failed: Only part of a ReadProcessMemory or WriteProcessMemory request was completed. (0x12B)
[0330/031342.837:WARNING:pe_image_reader.cc(340)] could not read dos header from C:\Windows\SYSTEM32\CRYPTBASE.DLL
[0330/031342.837:ERROR:process_memory_win.cc(73)] ReadMemory at 0x7ffa09020000 of 64 bytes failed: Only part of a ReadProcessMemory or WriteProcessMemory request was completed. (0x12B)
[0330/031342.837:WARNING:pe_image_reader.cc(340)] could not read dos header from C:\Windows\System32\ole32.dll
[0330/031342.837:ERROR:process_memory_win.cc(73)] ReadMemory at 0x7ffa040d0000 of 64 bytes failed: Only part of a ReadProcessMemory or WriteProcessMemory request was completed. (0x12B)
[0330/031342.837:WARNING:pe_image_reader.cc(340)] could not read dos header from C:\Windows\SYSTEM32\dxgi.dll
[0330/031342.837:ERROR:process_memory_win.cc(73)] ReadMemory at 0x7ff9c3c60000 of 64 bytes failed: Only part of a ReadProcessMemory or WriteProcessMemory request was completed. (0x12B)
[0330/031342.837:WARNING:pe_image_reader.cc(340)] could not read dos header from C:\Windows\SYSTEM32\mf.dll
[0330/031342.837:ERROR:process_memory_win.cc(73)] ReadMemory at 0x7ff9ea6b0000 of 64 bytes failed: Only part of a ReadProcessMemory or WriteProcessMemory request was completed. (0x12B)
[0330/031342.837:WARNING:pe_image_reader.cc(340)] could not read dos header from C:\Windows\SYSTEM32\mfplat.dll
[0330/031342.837:ERROR:process_memory_win.cc(73)] ReadMemory at 0x7ff9f6960000 of 64 bytes failed: Only part of a ReadProcessMemory or WriteProcessMemory request was completed. (0x12B)
[0330/031342.837:WARNING:pe_image_reader.cc(340)] could not read dos header from C:\Windows\SYSTEM32\RTWorkQ.DLL
[0330/031342.837:ERROR:process_memory_win.cc(73)] ReadMemory at 0x7ff9c1830000 of 64 bytes failed: Only part of a ReadProcessMemory or WriteProcessMemory request was completed. (0x12B)
[0330/031342.837:WARNING:pe_image_reader.cc(340)] could not read dos header from C:\Windows\SYSTEM32\msmpeg2vdec.dll
[0330/031342.837:ERROR:process_memory_win.cc(73)] ReadMemory at 0x7ffa065b0000 of 64 bytes failed: Only part of a ReadProcessMemory or WriteProcessMemory request was completed. (0x12B)
[0330/031342.837:WARNING:pe_image_reader.cc(340)] could not read dos header from C:\Windows\System32\cryptsp.dll
[0330/031342.837:ERROR:process_memory_win.cc(73)] ReadMemory at 0x7ff9c2260000 of 64 bytes failed: Only part of a ReadProcessMemory or WriteProcessMemory request was completed. (0x12B)
[0330/031342.837:WARNING:pe_image_reader.cc(340)] could not read dos header from C:\Windows\SYSTEM32\mfperfhelper.dll
[0330/031342.838:ERROR:process_memory_win.cc(73)] ReadMemory at 0x7ff9c46a0000 of 64 bytes failed: Only part of a ReadProcessMemory or WriteProcessMemory request was completed. (0x12B)
[0330/031342.838:WARNING:pe_image_reader.cc(340)] could not read dos header from C:\Windows\SYSTEM32\dxva2.dll
[0330/031342.838:ERROR:process_memory_win.cc(73)] ReadMemory at 0x7ff9b8960000 of 64 bytes failed: Only part of a ReadProcessMemory or WriteProcessMemory request was completed. (0x12B)
[0330/031342.838:WARNING:pe_image_reader.cc(340)] could not read dos header from C:\Windows\SYSTEM32\msvproc.dll
[0330/031342.838:ERROR:process_memory_win.cc(73)] ReadMemory at 0x7ffa053a0000 of 64 bytes failed: Only part of a ReadProcessMemory or WriteProcessMemory request was completed. (0x12B)
[0330/031342.838:WARNING:pe_image_reader.cc(340)] could not read dos header from C:\Windows\System32\powrprof.dll
[0330/031342.838:ERROR:process_memory_win.cc(73)] ReadMemory at 0x7ff9fc8d0000 of 64 bytes failed: Only part of a ReadProcessMemory or WriteProcessMemory request was completed. (0x12B)
[0330/031342.838:WARNING:pe_image_reader.cc(340)] could not read dos header from C:\Windows\SYSTEM32\CompPkgSup.DLL
[0330/031342.838:ERROR:process_memory_win.cc(73)] ReadMemory at 0x7ffa01ff0000 of 64 bytes failed: Only part of a ReadProcessMemory or WriteProcessMemory request was completed. (0x12B)
[0330/031342.838:WARNING:pe_image_reader.cc(340)] could not read dos header from C:\Windows\SYSTEM32\D3DCompiler_47.dll
[0330/031342.838:ERROR:process_memory_win.cc(73)] ReadMemory at 0x7ff9b3df0000 of 64 bytes failed: Only part of a ReadProcessMemory or WriteProcessMemory request was completed. (0x12B)
[0330/031342.838:WARNING:pe_image_reader.cc(340)] could not read dos header from C:\Program Files (x86)\Google\Chrome\Application\80.0.3987.149\libglesv2.dll
[0330/031342.838:ERROR:process_memory_win.cc(73)] ReadMemory at 0x7ffa086a0000 of 64 bytes failed: Only part of a ReadProcessMemory or WriteProcessMemory request was completed. (0x12B)
[0330/031342.838:WARNING:pe_image_reader.cc(340)] could not read dos header from C:\Windows\System32\SETUPAPI.dll
[0330/031342.838:ERROR:process_memory_win.cc(73)] ReadMemory at 0x7ff9c4860000 of 64 bytes failed: Only part of a ReadProcessMemory or WriteProcessMemory request was completed. (0x12B)
[0330/031342.838:WARNING:pe_image_reader.cc(340)] could not read dos header from C:\Program Files (x86)\Google\Chrome\Application\80.0.3987.149\libegl.dll
[0330/031342.839:ERROR:process_memory_win.cc(73)] ReadMemory at 0x7ffa036b0000 of 64 bytes failed: Only part of a ReadProcessMemory or WriteProcessMemory request was completed. (0x12B)
[0330/031342.839:WARNING:pe_image_reader.cc(340)] could not read dos header from C:\Windows\SYSTEM32\dwmapi.dll
[0330/031342.839:ERROR:process_memory_win.cc(73)] ReadMemory at 0x7ffa01c20000 of 64 bytes failed: Only part of a ReadProcessMemory or WriteProcessMemory request was completed. (0x12B)
[0330/031342.839:WARNING:pe_image_reader.cc(340)] could not read dos header from C:\Windows\SYSTEM32\d3d11.dll
[0330/031342.839:ERROR:process_memory_win.cc(73)] ReadMemory at 0x7ffa02a10000 of 64 bytes failed: Only part of a ReadProcessMemory or WriteProcessMemory request was completed. (0x12B)
[0330/031342.839:WARNING:pe_image_reader.cc(340)] could not read dos header from C:\Windows\SYSTEM32\dcomp.dll
[0330/031342.839:ERROR:process_memory_win.cc(73)] ReadMemory at 0x7ff9ff670000 of 64 bytes failed: Only part of a ReadProcessMemory or WriteProcessMemory request was completed. (0x12B)
[0330/031342.839:WARNING:pe_image_reader.cc(340)] could not read dos header from C:\Windows\SYSTEM32\igd10iumd64.dll
[0330/031342.839:ERROR:process_memory_win.cc(73)] ReadMemory at 0x7ffa04ee0000 of 64 bytes failed: Only part of a ReadProcessMemory or WriteProcessMemory request was completed. (0x12B)
[0330/031342.839:WARNING:pe_image_reader.cc(340)] could not read dos header from C:\Windows\SYSTEM32\ncrypt.dll
[0330/031342.839:ERROR:process_memory_win.cc(73)] ReadMemory at 0x7ffa04ea0000 of 64 bytes failed: Only part of a ReadProcessMemory or WriteProcessMemory request was completed. (0x12B)
[0330/031342.839:WARNING:pe_image_reader.cc(340)] could not read dos header from C:\Windows\SYSTEM32\NTASN1.dll
[0330/031342.839:ERROR:process_memory_win.cc(73)] ReadMemory at 0x7ff9fe0c0000 of 64 bytes failed: Only part of a ReadProcessMemory or WriteProcessMemory request was completed. (0x12B)
[0330/031342.839:WARNING:pe_image_reader.cc(340)] could not read dos header from C:\Windows\SYSTEM32\igdusc64.dll
[0330/031342.839:ERROR:process_memory_win.cc(73)] ReadMemory at 0x7ffa09180000 of 64 bytes failed: Only part of a ReadProcessMemory or WriteProcessMemory request was completed. (0x12B)
[0330/031342.839:WARNING:pe_image_reader.cc(340)] could not read dos header from C:\Windows\System32\clbcatq.dll
[0330/031342.839:ERROR:process_memory_win.cc(73)] ReadMemory at 0x7ffa00ed0000 of 64 bytes failed: Only part of a ReadProcessMemory or WriteProcessMemory request was completed. (0x12B)
[0330/031342.840:WARNING:pe_image_reader.cc(340)] could not read dos header from C:\Windows\System32\WinTypes.dll
[0330/031342.840:ERROR:process_memory_win.cc(73)] ReadMemory at 0x7ff9b57c0000 of 64 bytes failed: Only part of a ReadProcessMemory or WriteProcessMemory request was completed. (0x12B)
[0330/031342.840:WARNING:pe_image_reader.cc(340)] could not read dos header from C:\Windows\SYSTEM32\igd11dxva64.dll
[0330/031342.840:ERROR:process_memory_win.cc(73)] ReadMemory at 0x7ff9c2bd0000 of 64 bytes failed: Only part of a ReadProcessMemory or WriteProcessMemory request was completed. (0x12B)
[0330/031342.840:WARNING:pe_image_reader.cc(340)] could not read dos header from C:\Windows\System32\mfh264enc.dll
[0330/031342.840:ERROR:process_memory_win.cc(73)] ReadMemory at 0x7ffa03430000 of 64 bytes failed: Only part of a ReadProcessMemory or WriteProcessMemory request was completed. (0x12B)
[0330/031342.840:WARNING:pe_image_reader.cc(340)] could not read dos header from C:\Windows\system32\uxtheme.dll
[0330/031342.840:ERROR:process_memory_win.cc(73)] ReadMemory at 0x7ffa068e0000 of 64 bytes failed: Only part of a ReadProcessMemory or WriteProcessMemory request was completed. (0x12B)
[0330/031342.840:WARNING:pe_image_reader.cc(340)] could not read dos header from C:\Windows\System32\MSCTF.dll
[0330/031342.840:ERROR:process_memory_win.cc(73)] ReadMemory at 0x7ff9ca300000 of 64 bytes failed: Only part of a ReadProcessMemory or WriteProcessMemory request was completed. (0x12B)
[0330/031342.840:WARNING:pe_image_reader.cc(340)] could not read dos header from C:\Windows\System32\Windows.Media.dll
[0330/031342.840:ERROR:process_memory_win.cc(73)] ReadMemory at 0x7ffa04410000 of 64 bytes failed: Only part of a ReadProcessMemory or WriteProcessMemory request was completed. (0x12B)
[0330/031342.840:WARNING:pe_image_reader.cc(340)] could not read dos header from C:\Windows\SYSTEM32\ntmarta.dll
[0330/031342.840:ERROR:process_memory_win.cc(73)] ReadMemory at 0x7ff67a540000 of 64 bytes failed: Only part of a ReadProcessMemory or WriteProcessMemory request was completed. (0x12B)
[0330/031342.840:WARNING:pe_image_reader.cc(340)] could not read dos header from C:\Program Files (x86)\Google\Chrome\Application\chrome.exe
[0330/031342.840:ERROR:process_memory_win.cc(73)] ReadMemory at 0x7ffa093b0000 of 64 bytes failed: Only part of a ReadProcessMemory or WriteProcessMemory request was completed. (0x12B)
[0330/031342.840:WARNING:pe_image_reader.cc(340)] could not read dos header from C:\Windows\SYSTEM32\ntdll.dll
[0330/031342.841:ERROR:process_memory_win.cc(73)] ReadMemory at 0x7ffa082b0000 of 64 bytes failed: Only part of a ReadProcessMemory or WriteProcessMemory request was completed. (0x12B)
[0330/031342.841:WARNING:pe_image_reader.cc(340)] could not read dos header from C:\Windows\System32\KERNEL32.DLL
[0330/031342.841:ERROR:process_memory_win.cc(73)] ReadMemory at 0x7ffa06310000 of 64 bytes failed: Only part of a ReadProcessMemory or WriteProcessMemory request was completed. (0x12B)
[0330/031342.841:WARNING:pe_image_reader.cc(340)] could not read dos header from C:\Windows\System32\KERNELBASE.dll
[0330/031342.841:ERROR:process_memory_win.cc(73)] ReadMemory at 0x7ff9c4940000 of 64 bytes failed: Only part of a ReadProcessMemory or WriteProcessMemory request was completed. (0x12B)
[0330/031342.841:WARNING:pe_image_reader.cc(340)] could not read dos header from C:\Program Files (x86)\Google\Chrome\Application\80.0.3987.149\chrome_elf.dll
[0330/031342.841:ERROR:process_memory_win.cc(73)] ReadMemory at 0x7ff9f8c00000 of 64 bytes failed: Only part of a ReadProcessMemory or WriteProcessMemory request was completed. (0x12B)
[0330/031342.841:WARNING:pe_image_reader.cc(340)] could not read dos header from C:\Windows\SYSTEM32\VERSION.dll
[0330/031342.841:ERROR:process_memory_win.cc(73)] ReadMemory at 0x7ffa07fd0000 of 64 bytes failed: Only part of a ReadProcessMemory or WriteProcessMemory request was completed. (0x12B)
[0330/031342.841:WARNING:pe_image_reader.cc(340)] could not read dos header from C:\Windows\System32\msvcrt.dll
[0330/031342.841:ERROR:process_memory_win.cc(73)] ReadMemory at 0x7ffa06010000 of 64 bytes failed: Only part of a ReadProcessMemory or WriteProcessMemory request was completed. (0x12B)
[0330/031342.841:WARNING:pe_image_reader.cc(340)] could not read dos header from C:\Windows\System32\bcryptPrimitives.dll
[0330/031342.841:ERROR:process_memory_win.cc(73)] ReadMemory at 0x7ffa08bd0000 of 64 bytes failed: Only part of a ReadProcessMemory or WriteProcessMemory request was completed. (0x12B)
[0330/031342.842:WARNING:pe_image_reader.cc(340)] could not read dos header from C:\Windows\System32\ADVAPI32.dll
[0330/031342.842:ERROR:process_memory_win.cc(73)] ReadMemory at 0x7ffa08600000 of 64 bytes failed: Only part of a ReadProcessMemory or WriteProcessMemory request was completed. (0x12B)
[0330/031342.842:WARNING:pe_image_reader.cc(340)] could not read dos header from C:\Windows\System32\sechost.dll
[0330/031342.842:ERROR:process_memory_win.cc(73)] ReadMemory at 0x7ffa084d0000 of 64 bytes failed: Only part of a ReadProcessMemory or WriteProcessMemory request was completed. (0x12B)
[0330/031342.842:WARNING:pe_image_reader.cc(340)] could not read dos header from C:\Windows\System32\RPCRT4.dll
[0330/031342.842:ERROR:process_memory_win.cc(73)] ReadMemory at 0x7ffa080b0000 of 64 bytes failed: Only part of a ReadProcessMemory or WriteProcessMemory request was completed. (0x12B)
[0330/031342.842:WARNING:pe_image_reader.cc(340)] could not read dos header from C:\Windows\System32\user32.dll
[0330/031342.842:ERROR:process_memory_win.cc(73)] ReadMemory at 0x7ffa05bc0000 of 64 bytes failed: Only part of a ReadProcessMemory or WriteProcessMemory request was completed. (0x12B)
[0330/031342.842:WARNING:pe_image_reader.cc(340)] could not read dos header from C:\Windows\System32\win32u.dll
[0330/031342.843:ERROR:process_memory_win.cc(73)] ReadMemory at 0x7ffa08080000 of 64 bytes failed: Only part of a ReadProcessMemory or WriteProcessMemory request was completed. (0x12B)
[0330/031342.843:WARNING:pe_image_reader.cc(340)] could not read dos header from C:\Windows\System32\GDI32.dll
[0330/031342.843:ERROR:process_memory_win.cc(73)] ReadMemory at 0x7ffa05ce0000 of 64 bytes failed: Only part of a ReadProcessMemory or WriteProcessMemory request was completed. (0x12B)
[0330/031342.843:WARNING:pe_image_reader.cc(340)] could not read dos header from C:\Windows\System32\gdi32full.dll
[0330/031342.843:ERROR:process_memory_win.cc(73)] ReadMemory at 0x7ffa06090000 of 64 bytes failed: Only part of a ReadProcessMemory or WriteProcessMemory request was completed. (0x12B)
[0330/031342.843:WARNING:pe_image_reader.cc(340)] could not read dos header from C:\Windows\System32\msvcp_win.dll
[0330/031342.843:ERROR:process_memory_win.cc(73)] ReadMemory at 0x7ffa05be0000 of 64 bytes failed: Only part of a ReadProcessMemory or WriteProcessMemory request was completed. (0x12B)
[0330/031342.843:WARNING:pe_image_reader.cc(340)] could not read dos header from C:\Windows\System32\ucrtbase.dll
[0330/031342.843:ERROR:process_memory_win.cc(73)] ReadMemory at 0x7ffa068b0000 of 64 bytes failed: Only part of a ReadProcessMemory or WriteProcessMemory request was completed. (0x12B)
[0330/031342.844:WARNING:pe_image_reader.cc(340)] could not read dos header from C:\Windows\System32\IMM32.DLL
[0330/031342.844:ERROR:process_memory_win.cc(73)] ReadMemory at 0x7ff9a9860000 of 64 bytes failed: Only part of a ReadProcessMemory or WriteProcessMemory request was completed. (0x12B)
[0330/031342.844:WARNING:pe_image_reader.cc(340)] could not read dos header from C:\Program Files (x86)\Google\Chrome\Application\80.0.3987.149\chrome.dll
[0330/031342.844:ERROR:process_memory_win.cc(73)] ReadMemory at 0x7ffa08fb0000 of 64 bytes failed: Only part of a ReadProcessMemory or WriteProcessMemory request was completed. (0x12B)
[0330/031342.844:WARNING:pe_image_reader.cc(340)] could not read dos header from C:\Windows\System32\WS2_32.dll
[0330/031342.844:ERROR:process_memory_win.cc(73)] ReadMemory at 0x7ffa09250000 of 64 bytes failed: Only part of a ReadProcessMemory or WriteProcessMemory request was completed. (0x12B)
[0330/031342.844:WARNING:pe_image_reader.cc(340)] could not read dos header from C:\Windows\System32\OLEAUT32.dll
[0330/031342.844:ERROR:process_memory_win.cc(73)] ReadMemory at 0x7ffa08c80000 of 64 bytes failed: Only part of a ReadProcessMemory or WriteProcessMemory request was completed. (0x12B)
[0330/031342.844:WARNING:pe_image_reader.cc(340)] could not read dos header from C:\Windows\System32\combase.dll
[0330/031342.845:ERROR:process_memory_win.cc(73)] ReadMemory at 0x7ffa05f60000 of 64 bytes failed: Only part of a ReadProcessMemory or WriteProcessMemory request was completed. (0x12B)
[0330/031342.845:WARNING:pe_image_reader.cc(340)] could not read dos header from C:\Windows\System32\WINTRUST.dll
[0330/031342.845:ERROR:process_memory_win.cc(73)] ReadMemory at 0x7ffa05420000 of 64 bytes failed: Only part of a ReadProcessMemory or WriteProcessMemory request was completed. (0x12B)
[0330/031342.845:WARNING:pe_image_reader.cc(340)] could not read dos header from C:\Windows\System32\MSASN1.dll
[0330/031342.845:ERROR:process_memory_win.cc(73)] ReadMemory at 0x7ffa06130000 of 64 bytes failed: Only part of a ReadProcessMemory or WriteProcessMemory request was completed. (0x12B)
[0330/031342.845:WARNING:pe_image_reader.cc(340)] could not read dos header from C:\Windows\System32\CRYPT32.dll
[0330/031342.845:ERROR:process_memory_win.cc(73)] ReadMemory at 0x7ffa04930000 of 64 bytes failed: Only part of a ReadProcessMemory or WriteProcessMemory request was completed. (0x12B)
[0330/031342.845:WARNING:pe_image_reader.cc(340)] could not read dos header from C:\Windows\SYSTEM32\IPHLPAPI.DLL
[0330/031342.845:ERROR:process_memory_win.cc(73)] ReadMemory at 0x7ffa02d00000 of 64 bytes failed: Only part of a ReadProcessMemory or WriteProcessMemory request was completed. (0x12B)
[0330/031342.845:WARNING:pe_image_reader.cc(340)] could not read dos header from C:\Windows\SYSTEM32\WINMM.dll
[0330/031342.846:ERROR:process_memory_win.cc(73)] ReadMemory at 0x7ff9ee400000 of 64 bytes failed: Only part of a ReadProcessMemory or WriteProcessMemory request was completed. (0x12B)
[0330/031342.846:WARNING:pe_image_reader.cc(340)] could not read dos header from C:\Windows\SYSTEM32\Secur32.dll
[0330/031342.846:ERROR:process_memory_win.cc(73)] ReadMemory at 0x7ffa052a0000 of 64 bytes failed: Only part of a ReadProcessMemory or WriteProcessMemory request was completed. (0x12B)
[0330/031342.846:WARNING:pe_image_reader.cc(340)] could not read dos header from C:\Windows\SYSTEM32\USERENV.dll
[0330/031342.846:ERROR:process_memory_win.cc(73)] ReadMemory at 0x7ffa05440000 of 64 bytes failed: Only part of a ReadProcessMemory or WriteProcessMemory request was completed. (0x12B)
[0330/031342.846:WARNING:pe_image_reader.cc(340)] could not read dos header from C:\Windows\System32\profapi.dll
[0330/031342.846:ERROR:process_memory_win.cc(73)] ReadMemory at 0x7ff9e6430000 of 64 bytes failed: Only part of a ReadProcessMemory or WriteProcessMemory request was completed. (0x12B)
[0330/031342.846:WARNING:pe_image_reader.cc(340)] could not read dos header from C:\Windows\SYSTEM32\UIAutomationCore.DLL
[0330/031342.846:ERROR:process_memory_win.cc(73)] ReadMemory at 0x7ff9f4940000 of 64 bytes failed: Only part of a ReadProcessMemory or WriteProcessMemory request was completed. (0x12B)
[0330/031342.846:WARNING:pe_image_reader.cc(340)] could not read dos header from C:\Windows\SYSTEM32\DWrite.dll
[0330/031342.846:ERROR:process_memory_win.cc(73)] ReadMemory at 0x7ff9f7d80000 of 64 bytes failed: Only part of a ReadProcessMemory or WriteProcessMemory request was completed. (0x12B)
[0330/031342.847:WARNING:pe_image_reader.cc(340)] could not read dos header from C:\Windows\SYSTEM32\WINSPOOL.DRV
[0330/031342.847:ERROR:process_memory_win.cc(73)] ReadMemory at 0x7ffa05400000 of 64 bytes failed: Only part of a ReadProcessMemory or WriteProcessMemory request was completed. (0x12B)
[0330/031342.847:WARNING:pe_image_reader.cc(340)] could not read dos header from C:\Windows\System32\kernel.appcore.dll
[0330/031342.847:ERROR:process_memory_win.cc(73)] ReadMemory at 0x7ffa05e80000 of 64 bytes failed: Only part of a ReadProcessMemory or WriteProcessMemory request was completed. (0x12B)
[0330/031342.847:WARNING:pe_image_reader.cc(340)] could not read dos header from C:\Windows\System32\bcrypt.dll
[0330/031342.847:ERROR:process_memory_win.cc(73)] ReadMemory at 0x7ffa03a70000 of 64 bytes failed: Only part of a ReadProcessMemory or WriteProcessMemory request was completed. (0x12B)
[0330/031342.847:WARNING:pe_image_reader.cc(340)] could not read dos header from C:\Windows\SYSTEM32\dbghelp.dll
[0330/031342.847:ERROR:process_memory_win.cc(73)] ReadMemory at 0x7ff9fa4e0000 of 64 bytes failed: Only part of a ReadProcessMemory or WriteProcessMemory request was completed. (0x12B)
[0330/031342.847:WARNING:pe_image_reader.cc(340)] could not read dos header from C:\Windows\SYSTEM32\WINHTTP.dll
[0330/031342.847:ERROR:process_memory_win.cc(73)] ReadMemory at 0x7ff9fb380000 of 64 bytes failed: Only part of a ReadProcessMemory or WriteProcessMemory request was completed. (0x12B)
[0330/031342.847:WARNING:pe_image_reader.cc(340)] could not read dos header from C:\Windows\SYSTEM32\dhcpcsvc.DLL
[0330/031342.848:ERROR:process_memory_win.cc(73)] ReadMemory at 0x7ffa08070000 of 64 bytes failed: Only part of a ReadProcessMemory or WriteProcessMemory request was completed. (0x12B)
[0330/031342.848:WARNING:pe_image_reader.cc(340)] could not read dos header from C:\Windows\System32\NSI.dll
[0330/031342.848:ERROR:process_memory_win.cc(73)] ReadMemory at 0x7ffa02be0000 of 64 bytes failed: Only part of a ReadProcessMemory or WriteProcessMemory request was completed. (0x12B)
[0330/031342.848:WARNING:pe_image_reader.cc(340)] could not read dos header from C:\Windows\SYSTEM32\WINMMBASE.dll
[0330/031342.848:ERROR:process_memory_win.cc(73)] ReadMemory at 0x7ffa05fc0000 of 64 bytes failed: Only part of a ReadProcessMemory or WriteProcessMemory request was completed. (0x12B)
[0330/031342.848:WARNING:pe_image_reader.cc(340)] could not read dos header from C:\Windows\System32\cfgmgr32.dll
[0330/031342.848:ERROR:process_memory_win.cc(73)] ReadMemory at 0x7ff9f6870000 of 64 bytes failed: Only part of a ReadProcessMemory or WriteProcessMemory request was completed. (0x12B)
[0330/031342.848:WARNING:pe_image_reader.cc(340)] could not read dos header from C:\Windows\SYSTEM32\Bcp47Langs.dll
[0330/031342.848:ERROR:process_memory_win.cc(73)] ReadMemory at 0x7ffa01a10000 of 64 bytes failed: Only part of a ReadProcessMemory or WriteProcessMemory request was completed. (0x12B)
[0330/031342.848:WARNING:pe_image_reader.cc(340)] could not read dos header from C:\Windows\SYSTEM32\PROPSYS.dll
[0330/031342.848:ERROR:process_memory_win.cc(73)] ReadMemory at 0x7ffa08b20000 of 64 bytes failed: Only part of a ReadProcessMemory or WriteProcessMemory request was completed. (0x12B)
[0330/031342.849:WARNING:pe_image_reader.cc(340)] could not read dos header from C:\Windows\System32\shcore.dll
[0330/031342.849:ERROR:process_memory_win.cc(73)] ReadMemory at 0x7ffa052d0000 of 64 bytes failed: Only part of a ReadProcessMemory or WriteProcessMemory request was completed. (0x12B)
[0330/031342.849:WARNING:pe_image_reader.cc(340)] could not read dos header from C:\Windows\SYSTEM32\SSPICLI.DLL
[0330/031342.849:ERROR:process_memory_win.cc(73)] ReadMemory at 0x7ffa04de0000 of 64 bytes failed: Only part of a ReadProcessMemory or WriteProcessMemory request was completed. (0x12B)
[0330/031342.849:WARNING:pe_image_reader.cc(340)] could not read dos header from C:\Windows\SYSTEM32\CRYPTBASE.DLL
[0330/031342.849:ERROR:process_memory_win.cc(73)] ReadMemory at 0x7ffa09020000 of 64 bytes failed: Only part of a ReadProcessMemory or WriteProcessMemory request was completed. (0x12B)
[0330/031342.849:WARNING:pe_image_reader.cc(340)] could not read dos header from C:\Windows\System32\ole32.dll
[0330/031342.849:ERROR:process_memory_win.cc(73)] ReadMemory at 0x7ffa040d0000 of 64 bytes failed: Only part of a ReadProcessMemory or WriteProcessMemory request was completed. (0x12B)
[0330/031342.849:WARNING:pe_image_reader.cc(340)] could not read dos header from C:\Windows\SYSTEM32\dxgi.dll
[0330/031342.849:ERROR:process_memory_win.cc(73)] ReadMemory at 0x7ff9c3c60000 of 64 bytes failed: Only part of a ReadProcessMemory or WriteProcessMemory request was completed. (0x12B)
[0330/031342.849:WARNING:pe_image_reader.cc(340)] could not read dos header from C:\Windows\SYSTEM32\mf.dll
[0330/031342.850:ERROR:process_memory_win.cc(73)] ReadMemory at 0x7ff9ea6b0000 of 64 bytes failed: Only part of a ReadProcessMemory or WriteProcessMemory request was completed. (0x12B)
[0330/031342.850:WARNING:pe_image_reader.cc(340)] could not read dos header from C:\Windows\SYSTEM32\mfplat.dll
[0330/031342.850:ERROR:process_memory_win.cc(73)] ReadMemory at 0x7ff9f6960000 of 64 bytes failed: Only part of a ReadProcessMemory or WriteProcessMemory request was completed. (0x12B)
[0330/031342.850:WARNING:pe_image_reader.cc(340)] could not read dos header from C:\Windows\SYSTEM32\RTWorkQ.DLL
[0330/031342.850:ERROR:process_memory_win.cc(73)] ReadMemory at 0x7ff9c1830000 of 64 bytes failed: Only part of a ReadProcessMemory or WriteProcessMemory request was completed. (0x12B)
[0330/031342.850:WARNING:pe_image_reader.cc(340)] could not read dos header from C:\Windows\SYSTEM32\msmpeg2vdec.dll
[0330/031342.850:ERROR:process_memory_win.cc(73)] ReadMemory at 0x7ffa065b0000 of 64 bytes failed: Only part of a ReadProcessMemory or WriteProcessMemory request was completed. (0x12B)
[0330/031342.850:WARNING:pe_image_reader.cc(340)] could not read dos header from C:\Windows\System32\cryptsp.dll
[0330/031342.850:ERROR:process_memory_win.cc(73)] ReadMemory at 0x7ff9c2260000 of 64 bytes failed: Only part of a ReadProcessMemory or WriteProcessMemory request was completed. (0x12B)
[0330/031342.850:WARNING:pe_image_reader.cc(340)] could not read dos header from C:\Windows\SYSTEM32\mfperfhelper.dll
[0330/031342.850:ERROR:process_memory_win.cc(73)] ReadMemory at 0x7ff9c46a0000 of 64 bytes failed: Only part of a ReadProcessMemory or WriteProcessMemory request was completed. (0x12B)
[0330/031342.851:WARNING:pe_image_reader.cc(340)] could not read dos header from C:\Windows\SYSTEM32\dxva2.dll
[0330/031342.851:ERROR:process_memory_win.cc(73)] ReadMemory at 0x7ff9b8960000 of 64 bytes failed: Only part of a ReadProcessMemory or WriteProcessMemory request was completed. (0x12B)
[0330/031342.851:WARNING:pe_image_reader.cc(340)] could not read dos header from C:\Windows\SYSTEM32\msvproc.dll
[0330/031342.851:ERROR:process_memory_win.cc(73)] ReadMemory at 0x7ffa053a0000 of 64 bytes failed: Only part of a ReadProcessMemory or WriteProcessMemory request was completed. (0x12B)
[0330/031342.851:WARNING:pe_image_reader.cc(340)] could not read dos header from C:\Windows\System32\powrprof.dll
[0330/031342.851:ERROR:process_memory_win.cc(73)] ReadMemory at 0x7ff9fc8d0000 of 64 bytes failed: Only part of a ReadProcessMemory or WriteProcessMemory request was completed. (0x12B)
[0330/031342.851:WARNING:pe_image_reader.cc(340)] could not read dos header from C:\Windows\SYSTEM32\CompPkgSup.DLL
[0330/031342.851:ERROR:process_memory_win.cc(73)] ReadMemory at 0x7ffa01ff0000 of 64 bytes failed: Only part of a ReadProcessMemory or WriteProcessMemory request was completed. (0x12B)
[0330/031342.851:WARNING:pe_image_reader.cc(340)] could not read dos header from C:\Windows\SYSTEM32\D3DCompiler_47.dll
[0330/031342.851:ERROR:process_memory_win.cc(73)] ReadMemory at 0x7ff9b3df0000 of 64 bytes failed: Only part of a ReadProcessMemory or WriteProcessMemory request was completed. (0x12B)
[0330/031342.851:WARNING:pe_image_reader.cc(340)] could not read dos header from C:\Program Files (x86)\Google\Chrome\Application\80.0.3987.149\libglesv2.dll
[0330/031342.852:ERROR:process_memory_win.cc(73)] ReadMemory at 0x7ffa086a0000 of 64 bytes failed: Only part of a ReadProcessMemory or WriteProcessMemory request was completed. (0x12B)
[0330/031342.852:WARNING:pe_image_reader.cc(340)] could not read dos header from C:\Windows\System32\SETUPAPI.dll
[0330/031342.852:ERROR:process_memory_win.cc(73)] ReadMemory at 0x7ff9c4860000 of 64 bytes failed: Only part of a ReadProcessMemory or WriteProcessMemory request was completed. (0x12B)
[0330/031342.852:WARNING:pe_image_reader.cc(340)] could not read dos header from C:\Program Files (x86)\Google\Chrome\Application\80.0.3987.149\libegl.dll
[0330/031342.852:ERROR:process_memory_win.cc(73)] ReadMemory at 0x7ffa036b0000 of 64 bytes failed: Only part of a ReadProcessMemory or WriteProcessMemory request was completed. (0x12B)
[0330/031342.852:WARNING:pe_image_reader.cc(340)] could not read dos header from C:\Windows\SYSTEM32\dwmapi.dll
[0330/031342.852:ERROR:process_memory_win.cc(73)] ReadMemory at 0x7ffa01c20000 of 64 bytes failed: Only part of a ReadProcessMemory or WriteProcessMemory request was completed. (0x12B)
[0330/031342.852:WARNING:pe_image_reader.cc(340)] could not read dos header from C:\Windows\SYSTEM32\d3d11.dll
[0330/031342.852:ERROR:process_memory_win.cc(73)] ReadMemory at 0x7ffa02a10000 of 64 bytes failed: Only part of a ReadProcessMemory or WriteProcessMemory request was completed. (0x12B)
[0330/031342.852:WARNING:pe_image_reader.cc(340)] could not read dos header from C:\Windows\SYSTEM32\dcomp.dll
[0330/031342.852:ERROR:process_memory_win.cc(73)] ReadMemory at 0x7ff9ff670000 of 64 bytes failed: Only part of a ReadProcessMemory or WriteProcessMemory request was completed. (0x12B)
[0330/031342.852:WARNING:pe_image_reader.cc(340)] could not read dos header from C:\Windows\SYSTEM32\igd10iumd64.dll
[0330/031342.854:ERROR:process_memory_win.cc(73)] ReadMemory at 0x7ffa04ee0000 of 64 bytes failed: Only part of a ReadProcessMemory or WriteProcessMemory request was completed. (0x12B)
[0330/031342.854:WARNING:pe_image_reader.cc(340)] could not read dos header from C:\Windows\SYSTEM32\ncrypt.dll
[0330/031342.854:ERROR:process_memory_win.cc(73)] ReadMemory at 0x7ffa04ea0000 of 64 bytes failed: Only part of a ReadProcessMemory or WriteProcessMemory request was completed. (0x12B)
[0330/031342.854:WARNING:pe_image_reader.cc(340)] could not read dos header from C:\Windows\SYSTEM32\NTASN1.dll
[0330/031342.855:ERROR:process_memory_win.cc(73)] ReadMemory at 0x7ff9fe0c0000 of 64 bytes failed: Only part of a ReadProcessMemory or WriteProcessMemory request was completed. (0x12B)
[0330/031342.855:WARNING:pe_image_reader.cc(340)] could not read dos header from C:\Windows\SYSTEM32\igdusc64.dll
[0330/031342.855:ERROR:process_memory_win.cc(73)] ReadMemory at 0x7ffa09180000 of 64 bytes failed: Only part of a ReadProcessMemory or WriteProcessMemory request was completed. (0x12B)
[0330/031342.855:WARNING:pe_image_reader.cc(340)] could not read dos header from C:\Windows\System32\clbcatq.dll
[0330/031342.855:ERROR:process_memory_win.cc(73)] ReadMemory at 0x7ffa00ed0000 of 64 bytes failed: Only part of a ReadProcessMemory or WriteProcessMemory request was completed. (0x12B)
[0330/031342.855:WARNING:pe_image_reader.cc(340)] could not read dos header from C:\Windows\System32\WinTypes.dll
[0330/031342.855:ERROR:process_memory_win.cc(73)] ReadMemory at 0x7ff9b57c0000 of 64 bytes failed: Only part of a ReadProcessMemory or WriteProcessMemory request was completed. (0x12B)
[0330/031342.855:WARNING:pe_image_reader.cc(340)] could not read dos header from C:\Windows\SYSTEM32\igd11dxva64.dll
[0330/031342.855:ERROR:process_memory_win.cc(73)] ReadMemory at 0x7ff9c2bd0000 of 64 bytes failed: Only part of a ReadProcessMemory or WriteProcessMemory request was completed. (0x12B)
[0330/031342.855:WARNING:pe_image_reader.cc(340)] could not read dos header from C:\Windows\System32\mfh264enc.dll
[0330/031342.856:ERROR:process_memory_win.cc(73)] ReadMemory at 0x7ffa03430000 of 64 bytes failed: Only part of a ReadProcessMemory or WriteProcessMemory request was completed. (0x12B)
[0330/031342.856:WARNING:pe_image_reader.cc(340)] could not read dos header from C:\Windows\system32\uxtheme.dll
[0330/031342.856:ERROR:process_memory_win.cc(73)] ReadMemory at 0x7ffa068e0000 of 64 bytes failed: Only part of a ReadProcessMemory or WriteProcessMemory request was completed. (0x12B)
[0330/031342.856:WARNING:pe_image_reader.cc(340)] could not read dos header from C:\Windows\System32\MSCTF.dll
[0330/031342.856:ERROR:process_memory_win.cc(73)] ReadMemory at 0x7ff9ca300000 of 64 bytes failed: Only part of a ReadProcessMemory or WriteProcessMemory request was completed. (0x12B)
[0330/031342.856:WARNING:pe_image_reader.cc(340)] could not read dos header from C:\Windows\System32\Windows.Media.dll
[0330/031342.856:ERROR:process_memory_win.cc(73)] ReadMemory at 0x7ffa04410000 of 64 bytes failed: Only part of a ReadProcessMemory or WriteProcessMemory request was completed. (0x12B)
[0330/031342.856:WARNING:pe_image_reader.cc(340)] could not read dos header from C:\Windows\SYSTEM32\ntmarta.dll
[0330/031342.881:ERROR:process_memory_win.cc(73)] ReadMemory at 0x915a1ee000 of 73728 bytes failed: Only part of a ReadProcessMemory or WriteProcessMemory request was completed. (0x12B)
[0330/031342.882:ERROR:process_memory_win.cc(73)] ReadMemory at 0x915a9fd000 of 12288 bytes failed: Only part of a ReadProcessMemory or WriteProcessMemory request was completed. (0x12B)
[0330/031342.882:ERROR:process_memory_win.cc(73)] ReadMemory at 0x915b1fd000 of 12288 bytes failed: Only part of a ReadProcessMemory or WriteProcessMemory request was completed. (0x12B)
[0330/031342.882:ERROR:process_memory_win.cc(73)] ReadMemory at 0x915b9fd000 of 12288 bytes failed: Only part of a ReadProcessMemory or WriteProcessMemory request was completed. (0x12B)
[0330/031342.882:ERROR:process_memory_win.cc(73)] ReadMemory at 0x915c1fd000 of 12288 bytes failed: Only part of a ReadProcessMemory or WriteProcessMemory request was completed. (0x12B)
[0330/031342.882:ERROR:process_memory_win.cc(73)] ReadMemory at 0x915c9fc000 of 16384 bytes failed: Only part of a ReadProcessMemory or WriteProcessMemory request was completed. (0x12B)
[0330/031342.882:ERROR:process_memory_win.cc(73)] ReadMemory at 0x915d1fe000 of 8192 bytes failed: Only part of a ReadProcessMemory or WriteProcessMemory request was completed. (0x12B)
[0330/031342.883:ERROR:process_memory_win.cc(73)] ReadMemory at 0x915d9fb000 of 20480 bytes failed: Only part of a ReadProcessMemory or WriteProcessMemory request was completed. (0x12B)
[0330/031342.883:ERROR:process_memory_win.cc(73)] ReadMemory at 0x91601fc000 of 16384 bytes failed: Only part of a ReadProcessMemory or WriteProcessMemory request was completed. (0x12B)
[0330/031342.883:ERROR:process_memory_win.cc(73)] ReadMemory at 0x91609fd000 of 12288 bytes failed: Only part of a ReadProcessMemory or WriteProcessMemory request was completed. (0x12B)
[0330/031342.883:ERROR:process_memory_win.cc(73)] ReadMemory at 0x91621f6000 of 40960 bytes failed: Only part of a ReadProcessMemory or WriteProcessMemory request was completed. (0x12B)
[0330/031342.883:ERROR:process_memory_win.cc(73)] ReadMemory at 0x91629fe000 of 8192 bytes failed: Only part of a ReadProcessMemory or WriteProcessMemory request was completed. (0x12B)
[0330/031342.883:ERROR:process_memory_win.cc(73)] ReadMemory at 0x91631fe000 of 8192 bytes failed: Only part of a ReadProcessMemory or WriteProcessMemory request was completed. (0x12B)
[0330/031342.884:ERROR:process_memory_win.cc(73)] ReadMemory at 0x91639ff000 of 4096 bytes failed: Only part of a ReadProcessMemory or WriteProcessMemory request was completed. (0x12B)
[0330/031342.884:ERROR:process_memory_win.cc(73)] ReadMemory at 0x91619f6000 of 40960 bytes failed: Only part of a ReadProcessMemory or WriteProcessMemory request was completed. (0x12B)
[0330/031342.884:ERROR:process_memory_win.cc(73)] ReadMemory at 0x91641fe000 of 8192 bytes failed: Only part of a ReadProcessMemory or WriteProcessMemory request was completed. (0x12B)
[0330/031342.884:ERROR:process_memory_win.cc(73)] ReadMemory at 0x91649fe000 of 8192 bytes failed: Only part of a ReadProcessMemory or WriteProcessMemory request was completed. (0x12B)
[0330/031342.884:ERROR:process_memory_win.cc(73)] ReadMemory at 0x91651fe000 of 8192 bytes failed: Only part of a ReadProcessMemory or WriteProcessMemory request was completed. (0x12B)
[0330/031342.884:ERROR:process_memory_win.cc(73)] ReadMemory at 0x915e1fd000 of 12288 bytes failed: Only part of a ReadProcessMemory or WriteProcessMemory request was completed. (0x12B)
[0330/031342.884:ERROR:process_memory_win.cc(73)] ReadMemory at 0x915f1fd000 of 12288 bytes failed: Only part of a ReadProcessMemory or WriteProcessMemory request was completed. (0x12B)
[0330/031342.884:ERROR:process_memory_win.cc(73)] ReadMemory at 0x915e9fe000 of 8192 bytes failed: Only part of a ReadProcessMemory or WriteProcessMemory request was completed. (0x12B)
[0330/031342.885:ERROR:process_memory_win.cc(73)] ReadMemory at 0x915985c000 of 6024 bytes failed: Only part of a ReadProcessMemory or WriteProcessMemory request was completed. (0x12B)
[0330/031342.885:ERROR:process_memory_win.cc(73)] ReadMemory at 0x915988a000 of 6024 bytes failed: Only part of a ReadProcessMemory or WriteProcessMemory request was completed. (0x12B)
[0330/031342.885:ERROR:process_memory_win.cc(73)] ReadMemory at 0x91598a4000 of 6024 bytes failed: Only part of a ReadProcessMemory or WriteProcessMemory request was completed. (0x12B)
[0330/031342.885:ERROR:process_memory_win.cc(73)] ReadMemory at 0x9159946000 of 852 bytes failed: Only part of a ReadProcessMemory or WriteProcessMemory request was completed. (0x12B)
[0330/031342.885:ERROR:process_memory_win.cc(73)] ReadMemory at 0x9159947000 of 6024 bytes failed: Only part of a ReadProcessMemory or WriteProcessMemory request was completed. (0x12B)
[0330/031342.885:ERROR:process_memory_win.cc(73)] ReadMemory at 0x9159949000 of 6024 bytes failed: Only part of a ReadProcessMemory or WriteProcessMemory request was completed. (0x12B)
[0330/031342.885:ERROR:process_memory_win.cc(73)] ReadMemory at 0x915994b000 of 6024 bytes failed: Only part of a ReadProcessMemory or WriteProcessMemory request was completed. (0x12B)
[0330/031342.886:ERROR:process_memory_win.cc(73)] ReadMemory at 0x915994d000 of 6024 bytes failed: Only part of a ReadProcessMemory or WriteProcessMemory request was completed. (0x12B)
[0330/031342.886:ERROR:process_memory_win.cc(73)] ReadMemory at 0x915994f000 of 6024 bytes failed: Only part of a ReadProcessMemory or WriteProcessMemory request was completed. (0x12B)
[0330/031342.886:ERROR:process_memory_win.cc(73)] ReadMemory at 0x9159951000 of 6024 bytes failed: Only part of a ReadProcessMemory or WriteProcessMemory request was completed. (0x12B)
[0330/031342.886:ERROR:process_memory_win.cc(73)] ReadMemory at 0x9159953000 of 6024 bytes failed: Only part of a ReadProcessMemory or WriteProcessMemory request was completed. (0x12B)
[0330/031342.886:ERROR:process_memory_win.cc(73)] ReadMemory at 0x9159955000 of 6024 bytes failed: Only part of a ReadProcessMemory or WriteProcessMemory request was completed. (0x12B)
[0330/031342.886:ERROR:process_memory_win.cc(73)] ReadMemory at 0x9159973000 of 6024 bytes failed: Only part of a ReadProcessMemory or WriteProcessMemory request was completed. (0x12B)
[0330/031342.886:ERROR:process_memory_win.cc(73)] ReadMemory at 0x9159975000 of 6024 bytes failed: Only part of a ReadProcessMemory or WriteProcessMemory request was completed. (0x12B)
[0330/031342.887:ERROR:process_memory_win.cc(73)] ReadMemory at 0x915998b000 of 6024 bytes failed: Only part of a ReadProcessMemory or WriteProcessMemory request was completed. (0x12B)
[0330/031342.887:ERROR:process_memory_win.cc(73)] ReadMemory at 0x915998d000 of 6024 bytes failed: Only part of a ReadProcessMemory or WriteProcessMemory request was completed. (0x12B)
[0330/031342.887:ERROR:process_memory_win.cc(73)] ReadMemory at 0x915998f000 of 6024 bytes failed: Only part of a ReadProcessMemory or WriteProcessMemory request was completed. (0x12B)
[0330/031342.887:ERROR:process_memory_win.cc(73)] ReadMemory at 0x9159991000 of 6024 bytes failed: Only part of a ReadProcessMemory or WriteProcessMemory request was completed. (0x12B)
[0330/031342.887:ERROR:process_memory_win.cc(73)] ReadMemory at 0x9159993000 of 6024 bytes failed: Only part of a ReadProcessMemory or WriteProcessMemory request was completed. (0x12B)
[0330/031342.887:ERROR:process_memory_win.cc(73)] ReadMemory at 0x9159995000 of 6024 bytes failed: Only part of a ReadProcessMemory or WriteProcessMemory request was completed. (0x12B)
[0330/031342.888:ERROR:process_memory_win.cc(73)] ReadMemory at 0x9159997000 of 6024 bytes failed: Only part of a ReadProcessMemory or WriteProcessMemory request was completed. (0x12B)
[0330/031342.888:ERROR:process_memory_win.cc(73)] ReadMemory at 0x9159999000 of 6024 bytes failed: Only part of a ReadProcessMemory or WriteProcessMemory request was completed. (0x12B)
[0330/031342.888:ERROR:process_memory_win.cc(73)] ReadMemory at 0x25480060000 of 384 bytes failed: Only part of a ReadProcessMemory or WriteProcessMemory request was completed. (0x12B)
[0330/031342.888:ERROR:process_memory_win.cc(73)] ReadMemory at 0x2548006ec50 of 512 bytes failed: Only part of a ReadProcessMemory or WriteProcessMemory request was completed. (0x12B)
[0330/031342.888:ERROR:process_memory_win.cc(73)] ReadMemory at 0x25480081fa0 of 512 bytes failed: Only part of a ReadProcessMemory or WriteProcessMemory request was completed. (0x12B)
[0330/031342.888:ERROR:process_memory_win.cc(73)] ReadMemory at 0x25480096bf0 of 544 bytes failed: Only part of a ReadProcessMemory or WriteProcessMemory request was completed. (0x12B)
[0330/031342.888:ERROR:process_memory_win.cc(73)] ReadMemory at 0x254800e57b0 of 512 bytes failed: Only part of a ReadProcessMemory or WriteProcessMemory request was completed. (0x12B)
[0330/031342.888:ERROR:process_memory_win.cc(73)] ReadMemory at 0x254800f6950 of 512 bytes failed: Only part of a ReadProcessMemory or WriteProcessMemory request was completed. (0x12B)
[0330/031342.888:ERROR:process_memory_win.cc(73)] ReadMemory at 0x254801079d0 of 512 bytes failed: Only part of a ReadProcessMemory or WriteProcessMemory request was completed. (0x12B)
[0330/031342.889:ERROR:process_memory_win.cc(73)] ReadMemory at 0x25480139650 of 512 bytes failed: Only part of a ReadProcessMemory or WriteProcessMemory request was completed. (0x12B)
[0330/031342.889:ERROR:process_memory_win.cc(73)] ReadMemory at 0x25484cdb2f0 of 58 bytes failed: Only part of a ReadProcessMemory or WriteProcessMemory request was completed. (0x12B)
[0330/031342.889:ERROR:process_memory_win.cc(73)] ReadMemory at 0x25484cdb980 of 62 bytes failed: Only part of a ReadProcessMemory or WriteProcessMemory request was completed. (0x12B)
[0330/031342.889:ERROR:process_memory_win.cc(73)] ReadMemory at 0x25484cdbf20 of 62 bytes failed: Only part of a ReadProcessMemory or WriteProcessMemory request was completed. (0x12B)
[0330/031342.889:ERROR:process_memory_win.cc(73)] ReadMemory at 0x25484cf7dd0 of 74 bytes failed: Only part of a ReadProcessMemory or WriteProcessMemory request was completed. (0x12B)
[0330/031342.889:ERROR:process_memory_win.cc(73)] ReadMemory at 0x25484d31310 of 512 bytes failed: Only part of a ReadProcessMemory or WriteProcessMemory request was completed. (0x12B)
[0330/031342.889:ERROR:process_memory_win.cc(73)] ReadMemory at 0x2548501ffc0 of 512 bytes failed: Only part of a ReadProcessMemory or WriteProcessMemory request was completed. (0x12B)
[0330/031342.889:ERROR:process_memory_win.cc(73)] ReadMemory at 0x25485948918 of 512 bytes failed: Only part of a ReadProcessMemory or WriteProcessMemory request was completed. (0x12B)
[0330/031342.889:ERROR:process_memory_win.cc(73)] ReadMemory at 0x2548598d750 of 512 bytes failed: Only part of a ReadProcessMemory or WriteProcessMemory request was completed. (0x12B)
[0330/031342.890:ERROR:process_memory_win.cc(73)] ReadMemory at 0x25485a37ff0 of 832 bytes failed: Only part of a ReadProcessMemory or WriteProcessMemory request was completed. (0x12B)
[0330/031342.890:ERROR:process_memory_win.cc(73)] ReadMemory at 0x25485a38540 of 512 bytes failed: Only part of a ReadProcessMemory or WriteProcessMemory request was completed. (0x12B)
[0330/031342.890:ERROR:process_memory_win.cc(73)] ReadMemory at 0x25485bb9000 of 512 bytes failed: Only part of a ReadProcessMemory or WriteProcessMemory request was completed. (0x12B)
[0330/031342.890:ERROR:process_memory_win.cc(73)] ReadMemory at 0x25485bcb6d0 of 512 bytes failed: Only part of a ReadProcessMemory or WriteProcessMemory request was completed. (0x12B)
[0330/031342.890:ERROR:process_memory_win.cc(73)] ReadMemory at 0x25485bccad0 of 512 bytes failed: Only part of a ReadProcessMemory or WriteProcessMemory request was completed. (0x12B)
[0330/031342.890:ERROR:process_memory_win.cc(73)] ReadMemory at 0x25485bcced0 of 512 bytes failed: Only part of a ReadProcessMemory or WriteProcessMemory request was completed. (0x12B)
[0330/031342.890:ERROR:process_memory_win.cc(73)] ReadMemory at 0x25485bd1f10 of 512 bytes failed: Only part of a ReadProcessMemory or WriteProcessMemory request was completed. (0x12B)
[0330/031342.890:ERROR:process_memory_win.cc(73)] ReadMemory at 0x25485bd24b0 of 512 bytes failed: Only part of a ReadProcessMemory or WriteProcessMemory request was completed. (0x12B)
[0330/031342.890:ERROR:process_memory_win.cc(73)] ReadMemory at 0x25485bd2b10 of 512 bytes failed: Only part of a ReadProcessMemory or WriteProcessMemory request was completed. (0x12B)
[0330/031342.891:ERROR:process_memory_win.cc(73)] ReadMemory at 0x25485bd2eb0 of 512 bytes failed: Only part of a ReadProcessMemory or WriteProcessMemory request was completed. (0x12B)
[0330/031342.891:ERROR:process_memory_win.cc(73)] ReadMemory at 0x25485bef7a0 of 512 bytes failed: Only part of a ReadProcessMemory or WriteProcessMemory request was completed. (0x12B)
[0330/031342.891:ERROR:process_memory_win.cc(73)] ReadMemory at 0x25485bf0620 of 512 bytes failed: Only part of a ReadProcessMemory or WriteProcessMemory request was completed. (0x12B)
[0330/031342.891:ERROR:process_memory_win.cc(73)] ReadMemory at 0x25487adeeb0 of 512 bytes failed: Only part of a ReadProcessMemory or WriteProcessMemory request was completed. (0x12B)
[0330/031342.891:ERROR:process_memory_win.cc(73)] ReadMemory at 0x25487b32b70 of 512 bytes failed: Only part of a ReadProcessMemory or WriteProcessMemory request was completed. (0x12B)
[0330/031342.891:ERROR:process_memory_win.cc(73)] ReadMemory at 0x25487cc31a0 of 512 bytes failed: Only part of a ReadProcessMemory or WriteProcessMemory request was completed. (0x12B)
[0330/031342.891:ERROR:process_memory_win.cc(73)] ReadMemory at 0x25487cc3960 of 512 bytes failed: Only part of a ReadProcessMemory or WriteProcessMemory request was completed. (0x12B)
[0330/031342.891:ERROR:process_memory_win.cc(73)] ReadMemory at 0x254faf90ad0 of 512 bytes failed: Only part of a ReadProcessMemory or WriteProcessMemory request was completed. (0x12B)
[0330/031342.891:ERROR:process_memory_win.cc(73)] ReadMemory at 0x254faf90fe0 of 4934 bytes failed: Only part of a ReadProcessMemory or WriteProcessMemory request was completed. (0x12B)
[0330/031342.892:ERROR:process_memory_win.cc(73)] ReadMemory at 0x254faf92330 of 1012 bytes failed: Only part of a ReadProcessMemory or WriteProcessMemory request was completed. (0x12B)
[0330/031342.892:ERROR:process_memory_win.cc(73)] ReadMemory at 0x254faf92958 of 118 bytes failed: Only part of a ReadProcessMemory or WriteProcessMemory request was completed. (0x12B)
[0330/031342.892:ERROR:process_memory_win.cc(73)] ReadMemory at 0x254faf929d0 of 1022 bytes failed: Only part of a ReadProcessMemory or WriteProcessMemory request was completed. (0x12B)
[0330/031342.892:ERROR:process_memory_win.cc(73)] ReadMemory at 0x254faf92dd0 of 118 bytes failed: Only part of a ReadProcessMemory or WriteProcessMemory request was completed. (0x12B)
[0330/031342.892:ERROR:process_memory_win.cc(73)] ReadMemory at 0x254faf92e48 of 30 bytes failed: Only part of a ReadProcessMemory or WriteProcessMemory request was completed. (0x12B)
[0330/031342.892:ERROR:process_memory_win.cc(73)] ReadMemory at 0x254faf92e80 of 58 bytes failed: Only part of a ReadProcessMemory or WriteProcessMemory request was completed. (0x12B)
[0330/031342.892:ERROR:process_memory_win.cc(73)] ReadMemory at 0x254faf92f80 of 132 bytes failed: Only part of a ReadProcessMemory or WriteProcessMemory request was completed. (0x12B)
[0330/031342.892:ERROR:process_memory_win.cc(73)] ReadMemory at 0x254faf93110 of 132 bytes failed: Only part of a ReadProcessMemory or WriteProcessMemory request was completed. (0x12B)
[0330/031342.893:ERROR:process_memory_win.cc(73)] ReadMemory at 0x254faf936b0 of 132 bytes failed: Only part of a ReadProcessMemory or WriteProcessMemory request was completed. (0x12B)
[0330/031342.893:ERROR:process_memory_win.cc(73)] ReadMemory at 0x254faf93840 of 64 bytes failed: Only part of a ReadProcessMemory or WriteProcessMemory request was completed. (0x12B)
[0330/031342.893:ERROR:process_memory_win.cc(73)] ReadMemory at 0x254faf93890 of 132 bytes failed: Only part of a ReadProcessMemory or WriteProcessMemory request was completed. (0x12B)
[0330/031342.893:ERROR:process_memory_win.cc(73)] ReadMemory at 0x254faf93ca0 of 132 bytes failed: Only part of a ReadProcessMemory or WriteProcessMemory request was completed. (0x12B)
[0330/031342.893:ERROR:process_memory_win.cc(73)] ReadMemory at 0x254faf93e30 of 68 bytes failed: Only part of a ReadProcessMemory or WriteProcessMemory request was completed. (0x12B)
[0330/031342.893:ERROR:process_memory_win.cc(73)] ReadMemory at 0x254faf94d90 of 132 bytes failed: Only part of a ReadProcessMemory or WriteProcessMemory request was completed. (0x12B)
[0330/031342.893:ERROR:process_memory_win.cc(73)] ReadMemory at 0x254faf94f00 of 132 bytes failed: Only part of a ReadProcessMemory or WriteProcessMemory request was completed. (0x12B)
[0330/031342.893:ERROR:process_memory_win.cc(73)] ReadMemory at 0x254faf95030 of 154 bytes failed: Only part of a ReadProcessMemory or WriteProcessMemory request was completed. (0x12B)
[0330/031342.893:ERROR:process_memory_win.cc(73)] ReadMemory at 0x254faf95df0 of 62 bytes failed: Only part of a ReadProcessMemory or WriteProcessMemory request was completed. (0x12B)
[0330/031342.893:ERROR:process_memory_win.cc(73)] ReadMemory at 0x254faf95fe0 of 132 bytes failed: Only part of a ReadProcessMemory or WriteProcessMemory request was completed. (0x12B)
[0330/031342.894:ERROR:process_memory_win.cc(73)] ReadMemory at 0x254faf96110 of 60 bytes failed: Only part of a ReadProcessMemory or WriteProcessMemory request was completed. (0x12B)
[0330/031342.894:ERROR:process_memory_win.cc(73)] ReadMemory at 0x254faf9755c of 512 bytes failed: Only part of a ReadProcessMemory or WriteProcessMemory request was completed. (0x12B)
[0330/031342.894:ERROR:process_memory_win.cc(73)] ReadMemory at 0x254faf98180 of 152 bytes failed: Only part of a ReadProcessMemory or WriteProcessMemory request was completed. (0x12B)
[0330/031342.894:ERROR:process_memory_win.cc(73)] ReadMemory at 0x254faf9a7c0 of 132 bytes failed: Only part of a ReadProcessMemory or WriteProcessMemory request was completed. (0x12B)
[0330/031342.894:ERROR:process_memory_win.cc(73)] ReadMemory at 0x254faf9a8f0 of 132 bytes failed: Only part of a ReadProcessMemory or WriteProcessMemory request was completed. (0x12B)
[0330/031342.894:ERROR:process_memory_win.cc(73)] ReadMemory at 0x254faf9aa80 of 80 bytes failed: Only part of a ReadProcessMemory or WriteProcessMemory request was completed. (0x12B)
[0330/031342.894:ERROR:process_memory_win.cc(73)] ReadMemory at 0x254faf9ac70 of 66 bytes failed: Only part of a ReadProcessMemory or WriteProcessMemory request was completed. (0x12B)
[0330/031342.894:ERROR:process_memory_win.cc(73)] ReadMemory at 0x254faf9ad10 of 64 bytes failed: Only part of a ReadProcessMemory or WriteProcessMemory request was completed. (0x12B)
[0330/031342.895:ERROR:process_memory_win.cc(73)] ReadMemory at 0x254faf9ad60 of 62 bytes failed: Only part of a ReadProcessMemory or WriteProcessMemory request was completed. (0x12B)
[0330/031342.895:ERROR:process_memory_win.cc(73)] ReadMemory at 0x254faf9adb0 of 64 bytes failed: Only part of a ReadProcessMemory or WriteProcessMemory request was completed. (0x12B)
[0330/031342.895:ERROR:process_memory_win.cc(73)] ReadMemory at 0x254faf9ae50 of 58 bytes failed: Only part of a ReadProcessMemory or WriteProcessMemory request was completed. (0x12B)
[0330/031342.895:ERROR:process_memory_win.cc(73)] ReadMemory at 0x254faf9aef0 of 66 bytes failed: Only part of a ReadProcessMemory or WriteProcessMemory request was completed. (0x12B)
[0330/031342.895:ERROR:process_memory_win.cc(73)] ReadMemory at 0x254faf9b0d0 of 60 bytes failed: Only part of a ReadProcessMemory or WriteProcessMemory request was completed. (0x12B)
[0330/031342.895:ERROR:process_memory_win.cc(73)] ReadMemory at 0x254faf9b2b0 of 60 bytes failed: Only part of a ReadProcessMemory or WriteProcessMemory request was completed. (0x12B)
[0330/031342.895:ERROR:process_memory_win.cc(73)] ReadMemory at 0x254faf9b350 of 60 bytes failed: Only part of a ReadProcessMemory or WriteProcessMemory request was completed. (0x12B)
[0330/031342.895:ERROR:process_memory_win.cc(73)] ReadMemory at 0x254faf9e2b0 of 60 bytes failed: Only part of a ReadProcessMemory or WriteProcessMemory request was completed. (0x12B)
[0330/031342.895:ERROR:process_memory_win.cc(73)] ReadMemory at 0x254faf9e300 of 62 bytes failed: Only part of a ReadProcessMemory or WriteProcessMemory request was completed. (0x12B)
[0330/031342.896:ERROR:process_memory_win.cc(73)] ReadMemory at 0x254faf9e3a0 of 64 bytes failed: Only part of a ReadProcessMemory or WriteProcessMemory request was completed. (0x12B)
[0330/031342.896:ERROR:process_memory_win.cc(73)] ReadMemory at 0x254faf9e3f0 of 60 bytes failed: Only part of a ReadProcessMemory or WriteProcessMemory request was completed. (0x12B)
[0330/031342.896:ERROR:process_memory_win.cc(73)] ReadMemory at 0x254faf9e490 of 64 bytes failed: Only part of a ReadProcessMemory or WriteProcessMemory request was completed. (0x12B)
[0330/031342.896:ERROR:process_memory_win.cc(73)] ReadMemory at 0x254faf9e4e0 of 58 bytes failed: Only part of a ReadProcessMemory or WriteProcessMemory request was completed. (0x12B)
[0330/031342.896:ERROR:process_memory_win.cc(73)] ReadMemory at 0x254faf9e530 of 62 bytes failed: Only part of a ReadProcessMemory or WriteProcessMemory request was completed. (0x12B)
[0330/031342.896:ERROR:process_memory_win.cc(73)] ReadMemory at 0x254faf9e580 of 64 bytes failed: Only part of a ReadProcessMemory or WriteProcessMemory request was completed. (0x12B)
[0330/031342.896:ERROR:process_memory_win.cc(73)] ReadMemory at 0x254faf9e5d0 of 62 bytes failed: Only part of a ReadProcessMemory or WriteProcessMemory request was completed. (0x12B)
[0330/031342.896:ERROR:process_memory_win.cc(73)] ReadMemory at 0x254faf9e620 of 62 bytes failed: Only part of a ReadProcessMemory or WriteProcessMemory request was completed. (0x12B)
[0330/031342.896:ERROR:process_memory_win.cc(73)] ReadMemory at 0x254faf9e670 of 58 bytes failed: Only part of a ReadProcessMemory or WriteProcessMemory request was completed. (0x12B)
[0330/031342.896:ERROR:process_memory_win.cc(73)] ReadMemory at 0x254faf9e6c0 of 62 bytes failed: Only part of a ReadProcessMemory or WriteProcessMemory request was completed. (0x12B)
[0330/031342.897:ERROR:process_memory_win.cc(73)] ReadMemory at 0x254faf9e800 of 60 bytes failed: Only part of a ReadProcessMemory or WriteProcessMemory request was completed. (0x12B)
[0330/031342.897:ERROR:process_memory_win.cc(73)] ReadMemory at 0x254faf9e850 of 62 bytes failed: Only part of a ReadProcessMemory or WriteProcessMemory request was completed. (0x12B)
[0330/031342.897:ERROR:process_memory_win.cc(73)] ReadMemory at 0x254faf9e8a0 of 62 bytes failed: Only part of a ReadProcessMemory or WriteProcessMemory request was completed. (0x12B)
[0330/031342.897:ERROR:process_memory_win.cc(73)] ReadMemory at 0x254faf9e8f0 of 64 bytes failed: Only part of a ReadProcessMemory or WriteProcessMemory request was completed. (0x12B)
[0330/031342.897:ERROR:process_memory_win.cc(73)] ReadMemory at 0x254faf9e940 of 60 bytes failed: Only part of a ReadProcessMemory or WriteProcessMemory request was completed. (0x12B)
[0330/031342.897:ERROR:process_memory_win.cc(73)] ReadMemory at 0x254faf9f150 of 132 bytes failed: Only part of a ReadProcessMemory or WriteProcessMemory request was completed. (0x12B)
[0330/031342.897:ERROR:process_memory_win.cc(73)] ReadMemory at 0x254faf9f3c0 of 132 bytes failed: Only part of a ReadProcessMemory or WriteProcessMemory request was completed. (0x12B)
[0330/031342.897:ERROR:process_memory_win.cc(73)] ReadMemory at 0x254faf9fa20 of 132 bytes failed: Only part of a ReadProcessMemory or WriteProcessMemory request was completed. (0x12B)
[0330/031342.897:ERROR:process_memory_win.cc(73)] ReadMemory at 0x254faf9fb50 of 132 bytes failed: Only part of a ReadProcessMemory or WriteProcessMemory request was completed. (0x12B)
[0330/031342.898:ERROR:process_memory_win.cc(73)] ReadMemory at 0x254faf9fdd0 of 132 bytes failed: Only part of a ReadProcessMemory or WriteProcessMemory request was completed. (0x12B)
[0330/031342.898:ERROR:process_memory_win.cc(73)] ReadMemory at 0x254fafa01b0 of 132 bytes failed: Only part of a ReadProcessMemory or WriteProcessMemory request was completed. (0x12B)
[0330/031342.898:ERROR:process_memory_win.cc(73)] ReadMemory at 0x254fafa1b80 of 132 bytes failed: Only part of a ReadProcessMemory or WriteProcessMemory request was completed. (0x12B)
[0330/031342.898:ERROR:process_memory_win.cc(73)] ReadMemory at 0x254fafa4190 of 52 bytes failed: Only part of a ReadProcessMemory or WriteProcessMemory request was completed. (0x12B)
[0330/031342.898:ERROR:process_memory_win.cc(73)] ReadMemory at 0x254fafa4350 of 54 bytes failed: Only part of a ReadProcessMemory or WriteProcessMemory request was completed. (0x12B)
[0330/031342.898:ERROR:process_memory_win.cc(73)] ReadMemory at 0x254fafa6c10 of 146 bytes failed: Only part of a ReadProcessMemory or WriteProcessMemory request was completed. (0x12B)
[0330/031342.898:ERROR:process_memory_win.cc(73)] ReadMemory at 0x254fafa7c80 of 132 bytes failed: Only part of a ReadProcessMemory or WriteProcessMemory request was completed. (0x12B)
[0330/031342.898:ERROR:process_memory_win.cc(73)] ReadMemory at 0x254fafa7db0 of 132 bytes failed: Only part of a ReadProcessMemory or WriteProcessMemory request was completed. (0x12B)
[0330/031342.899:ERROR:process_memory_win.cc(73)] ReadMemory at 0x254fafa7ee0 of 132 bytes failed: Only part of a ReadProcessMemory or WriteProcessMemory request was completed. (0x12B)
[0330/031342.899:ERROR:process_memory_win.cc(73)] ReadMemory at 0x254fafa8010 of 132 bytes failed: Only part of a ReadProcessMemory or WriteProcessMemory request was completed. (0x12B)
[0330/031342.899:ERROR:process_memory_win.cc(73)] ReadMemory at 0x254fafa8140 of 132 bytes failed: Only part of a ReadProcessMemory or WriteProcessMemory request was completed. (0x12B)
[0330/031342.899:ERROR:process_memory_win.cc(73)] ReadMemory at 0x254fafa8270 of 132 bytes failed: Only part of a ReadProcessMemory or WriteProcessMemory request was completed. (0x12B)
[0330/031342.899:ERROR:process_memory_win.cc(73)] ReadMemory at 0x254fafa83a0 of 132 bytes failed: Only part of a ReadProcessMemory or WriteProcessMemory request was completed. (0x12B)
[0330/031342.899:ERROR:process_memory_win.cc(73)] ReadMemory at 0x254fafa84d0 of 132 bytes failed: Only part of a ReadProcessMemory or WriteProcessMemory request was completed. (0x12B)
[0330/031342.899:ERROR:process_memory_win.cc(73)] ReadMemory at 0x254fafa8600 of 132 bytes failed: Only part of a ReadProcessMemory or WriteProcessMemory request was completed. (0x12B)
[0330/031342.900:ERROR:process_memory_win.cc(73)] ReadMemory at 0x254fafa8730 of 132 bytes failed: Only part of a ReadProcessMemory or WriteProcessMemory request was completed. (0x12B)
[0330/031342.900:ERROR:process_memory_win.cc(73)] ReadMemory at 0x254fafa8860 of 132 bytes failed: Only part of a ReadProcessMemory or WriteProcessMemory request was completed. (0x12B)
[0330/031342.900:ERROR:process_memory_win.cc(73)] ReadMemory at 0x254fafa8990 of 132 bytes failed: Only part of a ReadProcessMemory or WriteProcessMemory request was completed. (0x12B)
[0330/031342.900:ERROR:process_memory_win.cc(73)] ReadMemory at 0x254fafa8ac0 of 132 bytes failed: Only part of a ReadProcessMemory or WriteProcessMemory request was completed. (0x12B)
[0330/031342.900:ERROR:process_memory_win.cc(73)] ReadMemory at 0x254fafaab50 of 80 bytes failed: Only part of a ReadProcessMemory or WriteProcessMemory request was completed. (0x12B)
[0330/031342.900:ERROR:process_memory_win.cc(73)] ReadMemory at 0x254fafab030 of 76 bytes failed: Only part of a ReadProcessMemory or WriteProcessMemory request was completed. (0x12B)
[0330/031342.900:ERROR:process_memory_win.cc(73)] ReadMemory at 0x254fafab2d0 of 72 bytes failed: Only part of a ReadProcessMemory or WriteProcessMemory request was completed. (0x12B)
[0330/031342.900:ERROR:process_memory_win.cc(73)] ReadMemory at 0x254fafaba80 of 126 bytes failed: Only part of a ReadProcessMemory or WriteProcessMemory request was completed. (0x12B)
[0330/031342.901:ERROR:process_memory_win.cc(73)] ReadMemory at 0x254fafac020 of 132 bytes failed: Only part of a ReadProcessMemory or WriteProcessMemory request was completed. (0x12B)
[0330/031342.901:ERROR:process_memory_win.cc(73)] ReadMemory at 0x254fafac150 of 132 bytes failed: Only part of a ReadProcessMemory or WriteProcessMemory request was completed. (0x12B)
[0330/031342.901:ERROR:process_memory_win.cc(73)] ReadMemory at 0x254fafac280 of 132 bytes failed: Only part of a ReadProcessMemory or WriteProcessMemory request was completed. (0x12B)
[0330/031342.901:ERROR:process_memory_win.cc(73)] ReadMemory at 0x254fafac3b0 of 132 bytes failed: Only part of a ReadProcessMemory or WriteProcessMemory request was completed. (0x12B)
[0330/031342.901:ERROR:process_memory_win.cc(73)] ReadMemory at 0x254fafac4e0 of 132 bytes failed: Only part of a ReadProcessMemory or WriteProcessMemory request was completed. (0x12B)
[0330/031342.901:ERROR:process_memory_win.cc(73)] ReadMemory at 0x254fafac610 of 132 bytes failed: Only part of a ReadProcessMemory or WriteProcessMemory request was completed. (0x12B)
[0330/031342.901:ERROR:process_memory_win.cc(73)] ReadMemory at 0x254fafac740 of 132 bytes failed: Only part of a ReadProcessMemory or WriteProcessMemory request was completed. (0x12B)
[0330/031342.901:ERROR:process_memory_win.cc(73)] ReadMemory at 0x254fafac870 of 132 bytes failed: Only part of a ReadProcessMemory or WriteProcessMemory request was completed. (0x12B)
[0330/031342.901:ERROR:process_memory_win.cc(73)] ReadMemory at 0x254fafac9a0 of 132 bytes failed: Only part of a ReadProcessMemory or WriteProcessMemory request was completed. (0x12B)
[0330/031342.902:ERROR:process_memory_win.cc(73)] ReadMemory at 0x254fafacad0 of 132 bytes failed: Only part of a ReadProcessMemory or WriteProcessMemory request was completed. (0x12B)
[0330/031342.902:ERROR:process_memory_win.cc(73)] ReadMemory at 0x254fafacc00 of 132 bytes failed: Only part of a ReadProcessMemory or WriteProcessMemory request was completed. (0x12B)
[0330/031342.902:ERROR:process_memory_win.cc(73)] ReadMemory at 0x254fafacd30 of 132 bytes failed: Only part of a ReadProcessMemory or WriteProcessMemory request was completed. (0x12B)
[0330/031342.902:ERROR:process_memory_win.cc(73)] ReadMemory at 0x254faface60 of 132 bytes failed: Only part of a ReadProcessMemory or WriteProcessMemory request was completed. (0x12B)
[0330/031342.902:ERROR:process_memory_win.cc(73)] ReadMemory at 0x254fafacf90 of 132 bytes failed: Only part of a ReadProcessMemory or WriteProcessMemory request was completed. (0x12B)
[0330/031342.902:ERROR:process_memory_win.cc(73)] ReadMemory at 0x254fafad0c0 of 132 bytes failed: Only part of a ReadProcessMemory or WriteProcessMemory request was completed. (0x12B)
[0330/031342.902:ERROR:process_memory_win.cc(73)] ReadMemory at 0x254fafad1f0 of 132 bytes failed: Only part of a ReadProcessMemory or WriteProcessMemory request was completed. (0x12B)
[0330/031342.902:ERROR:process_memory_win.cc(73)] ReadMemory at 0x254fafad320 of 132 bytes failed: Only part of a ReadProcessMemory or WriteProcessMemory request was completed. (0x12B)
[0330/031342.903:ERROR:process_memory_win.cc(73)] ReadMemory at 0x254fafad450 of 132 bytes failed: Only part of a ReadProcessMemory or WriteProcessMemory request was completed. (0x12B)
[0330/031342.903:ERROR:process_memory_win.cc(73)] ReadMemory at 0x254fafad580 of 132 bytes failed: Only part of a ReadProcessMemory or WriteProcessMemory request was completed. (0x12B)
[0330/031342.903:ERROR:process_memory_win.cc(73)] ReadMemory at 0x254fafad6b0 of 132 bytes failed: Only part of a ReadProcessMemory or WriteProcessMemory request was completed. (0x12B)
[0330/031342.903:ERROR:process_memory_win.cc(73)] ReadMemory at 0x254fafad7e0 of 132 bytes failed: Only part of a ReadProcessMemory or WriteProcessMemory request was completed. (0x12B)
[0330/031342.903:ERROR:process_memory_win.cc(73)] ReadMemory at 0x254fafad910 of 132 bytes failed: Only part of a ReadProcessMemory or WriteProcessMemory request was completed. (0x12B)
[0330/031342.903:ERROR:process_memory_win.cc(73)] ReadMemory at 0x254fafada40 of 132 bytes failed: Only part of a ReadProcessMemory or WriteProcessMemory request was completed. (0x12B)
[0330/031342.903:ERROR:process_memory_win.cc(73)] ReadMemory at 0x254fafadb70 of 132 bytes failed: Only part of a ReadProcessMemory or WriteProcessMemory request was completed. (0x12B)
[0330/031342.903:ERROR:process_memory_win.cc(73)] ReadMemory at 0x254fafadca0 of 132 bytes failed: Only part of a ReadProcessMemory or WriteProcessMemory request was completed. (0x12B)
[0330/031342.904:ERROR:process_memory_win.cc(73)] ReadMemory at 0x254fafaddd0 of 132 bytes failed: Only part of a ReadProcessMemory or WriteProcessMemory request was completed. (0x12B)
[0330/031342.904:ERROR:process_memory_win.cc(73)] ReadMemory at 0x254fafb0d10 of 66 bytes failed: Only part of a ReadProcessMemory or WriteProcessMemory request was completed. (0x12B)
[0330/031342.904:ERROR:process_memory_win.cc(73)] ReadMemory at 0x254fafb0f40 of 56 bytes failed: Only part of a ReadProcessMemory or WriteProcessMemory request was completed. (0x12B)
[0330/031342.904:ERROR:process_memory_win.cc(73)] ReadMemory at 0x254fafb0fe0 of 64 bytes failed: Only part of a ReadProcessMemory or WriteProcessMemory request was completed. (0x12B)
[0330/031342.904:ERROR:process_memory_win.cc(73)] ReadMemory at 0x254fafb1170 of 68 bytes failed: Only part of a ReadProcessMemory or WriteProcessMemory request was completed. (0x12B)
[0330/031342.904:ERROR:process_memory_win.cc(73)] ReadMemory at 0x254fafb12b0 of 62 bytes failed: Only part of a ReadProcessMemory or WriteProcessMemory request was completed. (0x12B)
[0330/031342.904:ERROR:process_memory_win.cc(73)] ReadMemory at 0x254fafb1440 of 64 bytes failed: Only part of a ReadProcessMemory or WriteProcessMemory request was completed. (0x12B)
[0330/031342.904:ERROR:process_memory_win.cc(73)] ReadMemory at 0x254fafb1490 of 60 bytes failed: Only part of a ReadProcessMemory or WriteProcessMemory request was completed. (0x12B)
[0330/031342.905:ERROR:process_memory_win.cc(73)] ReadMemory at 0x254fafb1530 of 66 bytes failed: Only part of a ReadProcessMemory or WriteProcessMemory request was completed. (0x12B)
[0330/031342.905:ERROR:process_memory_win.cc(73)] ReadMemory at 0x254fafb1670 of 58 bytes failed: Only part of a ReadProcessMemory or WriteProcessMemory request was completed. (0x12B)
[0330/031342.905:ERROR:process_memory_win.cc(73)] ReadMemory at 0x254fafb16c0 of 62 bytes failed: Only part of a ReadProcessMemory or WriteProcessMemory request was completed. (0x12B)
[0330/031342.905:ERROR:process_memory_win.cc(73)] ReadMemory at 0x254fafc4cb0 of 146 bytes failed: Only part of a ReadProcessMemory or WriteProcessMemory request was completed. (0x12B)
[0330/031342.905:ERROR:process_memory_win.cc(73)] ReadMemory at 0x254fafc8d40 of 70 bytes failed: Only part of a ReadProcessMemory or WriteProcessMemory request was completed. (0x12B)
[0330/031342.905:ERROR:process_memory_win.cc(73)] ReadMemory at 0x254fafc8de0 of 62 bytes failed: Only part of a ReadProcessMemory or WriteProcessMemory request was completed. (0x12B)
[0330/031342.905:ERROR:process_memory_win.cc(73)] ReadMemory at 0x254fafc8fc0 of 62 bytes failed: Only part of a ReadProcessMemory or WriteProcessMemory request was completed. (0x12B)
[0330/031342.905:ERROR:process_memory_win.cc(73)] ReadMemory at 0x254fafc9010 of 64 bytes failed: Only part of a ReadProcessMemory or WriteProcessMemory request was completed. (0x12B)
[0330/031342.906:ERROR:process_memory_win.cc(73)] ReadMemory at 0x254fafc9420 of 62 bytes failed: Only part of a ReadProcessMemory or WriteProcessMemory request was completed. (0x12B)
[0330/031342.906:ERROR:process_memory_win.cc(73)] ReadMemory at 0x254fafc94c0 of 58 bytes failed: Only part of a ReadProcessMemory or WriteProcessMemory request was completed. (0x12B)
[0330/031342.906:ERROR:process_memory_win.cc(73)] ReadMemory at 0x254fafc9560 of 68 bytes failed: Only part of a ReadProcessMemory or WriteProcessMemory request was completed. (0x12B)
[0330/031342.906:ERROR:process_memory_win.cc(73)] ReadMemory at 0x254fafc9790 of 60 bytes failed: Only part of a ReadProcessMemory or WriteProcessMemory request was completed. (0x12B)
[0330/031342.906:ERROR:process_memory_win.cc(73)] ReadMemory at 0x254fafcbbd0 of 132 bytes failed: Only part of a ReadProcessMemory or WriteProcessMemory request was completed. (0x12B)
[0330/031342.906:ERROR:process_memory_win.cc(73)] ReadMemory at 0x254fafcbd00 of 132 bytes failed: Only part of a ReadProcessMemory or WriteProcessMemory request was completed. (0x12B)
[0330/031342.906:ERROR:process_memory_win.cc(73)] ReadMemory at 0x254fafcbe30 of 132 bytes failed: Only part of a ReadProcessMemory or WriteProcessMemory request was completed. (0x12B)
[0330/031342.906:ERROR:process_memory_win.cc(73)] ReadMemory at 0x254fafcbf60 of 132 bytes failed: Only part of a ReadProcessMemory or WriteProcessMemory request was completed. (0x12B)
[0330/031342.906:ERROR:process_memory_win.cc(73)] ReadMemory at 0x254fafcc090 of 132 bytes failed: Only part of a ReadProcessMemory or WriteProcessMemory request was completed. (0x12B)
[0330/031342.907:ERROR:process_memory_win.cc(73)] ReadMemory at 0x254fafcc1c0 of 132 bytes failed: Only part of a ReadProcessMemory or WriteProcessMemory request was completed. (0x12B)
[0330/031342.907:ERROR:process_memory_win.cc(73)] ReadMemory at 0x254fafcc550 of 132 bytes failed: Only part of a ReadProcessMemory or WriteProcessMemory request was completed. (0x12B)
[0330/031342.907:ERROR:process_memory_win.cc(73)] ReadMemory at 0x254fafcc680 of 132 bytes failed: Only part of a ReadProcessMemory or WriteProcessMemory request was completed. (0x12B)
[0330/031342.907:ERROR:process_memory_win.cc(73)] ReadMemory at 0x254fafcc7b0 of 132 bytes failed: Only part of a ReadProcessMemory or WriteProcessMemory request was completed. (0x12B)
[0330/031342.907:ERROR:process_memory_win.cc(73)] ReadMemory at 0x254fafcc8e0 of 132 bytes failed: Only part of a ReadProcessMemory or WriteProcessMemory request was completed. (0x12B)
[0330/031342.907:ERROR:process_memory_win.cc(73)] ReadMemory at 0x254fafcca10 of 132 bytes failed: Only part of a ReadProcessMemory or WriteProcessMemory request was completed. (0x12B)
[0330/031342.907:ERROR:process_memory_win.cc(73)] ReadMemory at 0x254fafccb40 of 132 bytes failed: Only part of a ReadProcessMemory or WriteProcessMemory request was completed. (0x12B)
[0330/031342.907:ERROR:process_memory_win.cc(73)] ReadMemory at 0x254fafccc70 of 132 bytes failed: Only part of a ReadProcessMemory or WriteProcessMemory request was completed. (0x12B)
[0330/031342.908:ERROR:process_memory_win.cc(73)] ReadMemory at 0x254fafccda0 of 132 bytes failed: Only part of a ReadProcessMemory or WriteProcessMemory request was completed. (0x12B)
[0330/031342.908:ERROR:process_memory_win.cc(73)] ReadMemory at 0x254fafcd000 of 132 bytes failed: Only part of a ReadProcessMemory or WriteProcessMemory request was completed. (0x12B)
[0330/031342.908:ERROR:process_memory_win.cc(73)] ReadMemory at 0x254fafcd130 of 132 bytes failed: Only part of a ReadProcessMemory or WriteProcessMemory request was completed. (0x12B)
[0330/031342.908:ERROR:process_memory_win.cc(73)] ReadMemory at 0x254fafcd260 of 132 bytes failed: Only part of a ReadProcessMemory or WriteProcessMemory request was completed. (0x12B)
[0330/031342.908:ERROR:process_memory_win.cc(73)] ReadMemory at 0x254fafcd4c0 of 132 bytes failed: Only part of a ReadProcessMemory or WriteProcessMemory request was completed. (0x12B)
[0330/031342.908:ERROR:process_memory_win.cc(73)] ReadMemory at 0x254fafcd720 of 132 bytes failed: Only part of a ReadProcessMemory or WriteProcessMemory request was completed. (0x12B)
[0330/031342.908:ERROR:process_memory_win.cc(73)] ReadMemory at 0x254fafcd850 of 132 bytes failed: Only part of a ReadProcessMemory or WriteProcessMemory request was completed. (0x12B)
[0330/031342.908:ERROR:process_memory_win.cc(73)] ReadMemory at 0x254fafcd980 of 132 bytes failed: Only part of a ReadProcessMemory or WriteProcessMemory request was completed. (0x12B)
[0330/031342.908:ERROR:process_memory_win.cc(73)] ReadMemory at 0x254fafcdeb0 of 60 bytes failed: Only part of a ReadProcessMemory or WriteProcessMemory request was completed. (0x12B)
[0330/031342.909:ERROR:process_memory_win.cc(73)] ReadMemory at 0x254fafceae0 of 64 bytes failed: Only part of a ReadProcessMemory or WriteProcessMemory request was completed. (0x12B)
[0330/031342.909:ERROR:process_memory_win.cc(73)] ReadMemory at 0x254fafd18c0 of 76 bytes failed: Only part of a ReadProcessMemory or WriteProcessMemory request was completed. (0x12B)
[0330/031342.909:ERROR:process_memory_win.cc(73)] ReadMemory at 0x254faff2970 of 60 bytes failed: Only part of a ReadProcessMemory or WriteProcessMemory request was completed. (0x12B)
[0330/031342.909:ERROR:process_memory_win.cc(73)] ReadMemory at 0x254faff2e20 of 64 bytes failed: Only part of a ReadProcessMemory or WriteProcessMemory request was completed. (0x12B)
[0330/031342.909:ERROR:process_memory_win.cc(73)] ReadMemory at 0x254faff2e70 of 70 bytes failed: Only part of a ReadProcessMemory or WriteProcessMemory request was completed. (0x12B)
[0330/031342.909:ERROR:process_memory_win.cc(73)] ReadMemory at 0x254faff30a0 of 58 bytes failed: Only part of a ReadProcessMemory or WriteProcessMemory request was completed. (0x12B)
[0330/031342.909:ERROR:process_memory_win.cc(73)] ReadMemory at 0x254faff34b0 of 58 bytes failed: Only part of a ReadProcessMemory or WriteProcessMemory request was completed. (0x12B)
[0330/031342.909:ERROR:process_memory_win.cc(73)] ReadMemory at 0x254faff35a0 of 60 bytes failed: Only part of a ReadProcessMemory or WriteProcessMemory request was completed. (0x12B)
[0330/031342.909:ERROR:process_memory_win.cc(73)] ReadMemory at 0x254fb04e590 of 62 bytes failed: Only part of a ReadProcessMemory or WriteProcessMemory request was completed. (0x12B)
[0330/031342.910:ERROR:process_memory_win.cc(73)] ReadMemory at 0x254fb04e810 of 64 bytes failed: Only part of a ReadProcessMemory or WriteProcessMemory request was completed. (0x12B)
[0330/031342.910:ERROR:process_memory_win.cc(73)] ReadMemory at 0x254fb071040 of 66 bytes failed: Only part of a ReadProcessMemory or WriteProcessMemory request was completed. (0x12B)
[0330/031342.910:ERROR:process_memory_win.cc(73)] ReadMemory at 0x254fb071680 of 70 bytes failed: Only part of a ReadProcessMemory or WriteProcessMemory request was completed. (0x12B)
[0330/031342.910:ERROR:process_memory_win.cc(73)] ReadMemory at 0x254fb076e50 of 512 bytes failed: Only part of a ReadProcessMemory or WriteProcessMemory request was completed. (0x12B)
[0330/031342.910:ERROR:process_memory_win.cc(73)] ReadMemory at 0x254fb078230 of 512 bytes failed: Only part of a ReadProcessMemory or WriteProcessMemory request was completed. (0x12B)
[0330/031342.910:ERROR:process_memory_win.cc(73)] ReadMemory at 0x7ff9a9860000 of 384 bytes failed: Only part of a ReadProcessMemory or WriteProcessMemory request was completed. (0x12B)
[0330/031342.910:ERROR:process_memory_win.cc(73)] ReadMemory at 0x7ff9ac05a09d of 512 bytes failed: Only part of a ReadProcessMemory or WriteProcessMemory request was completed. (0x12B)
[0330/031342.910:ERROR:process_memory_win.cc(73)] ReadMemory at 0x7ff9b0260ca2 of 512 bytes failed: Only part of a ReadProcessMemory or WriteProcessMemory request was completed. (0x12B)
[0330/031342.911:ERROR:process_memory_win.cc(73)] ReadMemory at 0x7ff9b0264a18 of 512 bytes failed: Only part of a ReadProcessMemory or WriteProcessMemory request was completed. (0x12B)
[0330/031342.911:ERROR:process_memory_win.cc(73)] ReadMemory at 0x7ff9b0c5a320 of 512 bytes failed: Only part of a ReadProcessMemory or WriteProcessMemory request was completed. (0x12B)
[0330/031342.911:ERROR:process_memory_win.cc(73)] ReadMemory at 0x7ffa05bc5bc4 of 512 bytes failed: Only part of a ReadProcessMemory or WriteProcessMemory request was completed. (0x12B)
[0330/031342.911:ERROR:process_memory_win.cc(73)] ReadMemory at 0x7ffa05bc9884 of 512 bytes failed: Only part of a ReadProcessMemory or WriteProcessMemory request was completed. (0x12B)
[0330/031342.911:ERROR:process_memory_win.cc(73)] ReadMemory at 0x7ffa063490f9 of 512 bytes failed: Only part of a ReadProcessMemory or WriteProcessMemory request was completed. (0x12B)
[0330/031342.911:ERROR:process_memory_win.cc(73)] ReadMemory at 0x7ffa080cff30 of 512 bytes failed: Only part of a ReadProcessMemory or WriteProcessMemory request was completed. (0x12B)
[0330/031342.911:ERROR:process_memory_win.cc(73)] ReadMemory at 0x7ffa093fff00 of 512 bytes failed: Only part of a ReadProcessMemory or WriteProcessMemory request was completed. (0x12B)
[0330/031342.911:ERROR:process_memory_win.cc(73)] ReadMemory at 0x7ffa0944f754 of 672 bytes failed: Only part of a ReadProcessMemory or WriteProcessMemory request was completed. (0x12B)
[0330/031342.911:ERROR:process_memory_win.cc(73)] ReadMemory at 0x7ffa0944fd54 of 512 bytes failed: Only part of a ReadProcessMemory or WriteProcessMemory request was completed. (0x12B)
[0330/031342.912:ERROR:process_memory_win.cc(73)] ReadMemory at 0x7ffa09453044 of 512 bytes failed: Only part of a ReadProcessMemory or WriteProcessMemory request was completed. (0x12B)
[0330/031342.912:ERROR:process_memory_win.cc(73)] ReadMemory at 0x7ffa094dc0c8 of 18 bytes failed: Only part of a ReadProcessMemory or WriteProcessMemory request was completed. (0x12B)
[0330/031342.912:ERROR:process_memory_win.cc(73)] ReadMemory at 0x7ffa0950f4f8 of 40 bytes failed: Only part of a ReadProcessMemory or WriteProcessMemory request was completed. (0x12B)
[0330/031342.912:ERROR:process_memory_win.cc(73)] ReadMemory at 0x7ffa0950f978 of 48 bytes failed: Only part of a ReadProcessMemory or WriteProcessMemory request was completed. (0x12B)
[0330/031342.912:ERROR:process_memory_win.cc(73)] ReadMemory at 0x7ffa095153c0 of 64 bytes failed: Only part of a ReadProcessMemory or WriteProcessMemory request was completed. (0x12B)
[0330/031342.914:ERROR:scoped_process_suspend.cc(40)] NtResumeProcess: An attempt was made to access an exiting process. (0xc000010a)
[0330/033941.294:ERROR:process_info.cc(359)] UncheckedAllocate
[0330/033949.883:ERROR:process_info.cc(359)] UncheckedAllocate
